2026-07-02 17:13:30.871  INFO 1588 --- [restartedMain] .t.w.a.i.t.TransactionServiceApplication : Starting TransactionServiceApplication using Java 11.0.18 on BHARATHI with PID 1588 (D:\GIT\Production\root\Walkaroo\WK_PROD\InboundTransactionService\build\classes\java\main started by IMAGE COMPUTERS in D:\GIT\Production\root\Walkaroo\WK_PROD\InboundTransactionService)
2026-07-02 17:13:30.880  INFO 1588 --- [restartedMain] .t.w.a.i.t.TransactionServiceApplication : No active profile set, falling back to default profiles: default
2026-07-02 17:13:31.047  INFO 1588 --- [restartedMain] o.s.b.devtools.restart.ChangeableUrls    : The Class-Path manifest attribute in C:\Users\IMAGE COMPUTERS\.gradle\caches\modules-2\files-2.1\io.grpc\grpc-netty-shaded\1.30.0\1c4b42f8dcff48f5ef6c1fec3812f610e5b59b6a\grpc-netty-shaded-1.30.0.jar referenced one or more files that do not exist: file:/C:/Users/IMAGE%20COMPUTERS/.gradle/caches/modules-2/files-2.1/io.grpc/grpc-netty-shaded/1.30.0/1c4b42f8dcff48f5ef6c1fec3812f610e5b59b6a/grpc-core-1.30.0.jar,file:/C:/Users/IMAGE%20COMPUTERS/.gradle/caches/modules-2/files-2.1/io.grpc/grpc-netty-shaded/1.30.0/1c4b42f8dcff48f5ef6c1fec3812f610e5b59b6a/grpc-api-1.30.0.jar,file:/C:/Users/IMAGE%20COMPUTERS/.gradle/caches/modules-2/files-2.1/io.grpc/grpc-netty-shaded/1.30.0/1c4b42f8dcff48f5ef6c1fec3812f610e5b59b6a/gson-2.8.6.jar,file:/C:/Users/IMAGE%20COMPUTERS/.gradle/caches/modules-2/files-2.1/io.grpc/grpc-netty-shaded/1.30.0/1c4b42f8dcff48f5ef6c1fec3812f610e5b59b6a/annotations-4.1.1.4.jar,file:/C:/Users/IMAGE%20COMPUTERS/.gradle/caches/modules-2/files-2.1/io.grpc/grpc-netty-shaded/1.30.0/1c4b42f8dcff48f5ef6c1fec3812f610e5b59b6a/animal-sniffer-annotations-1.18.jar,file:/C:/Users/IMAGE%20COMPUTERS/.gradle/caches/modules-2/files-2.1/io.grpc/grpc-netty-shaded/1.30.0/1c4b42f8dcff48f5ef6c1fec3812f610e5b59b6a/error_prone_annotations-2.3.4.jar,file:/C:/Users/IMAGE%20COMPUTERS/.gradle/caches/modules-2/files-2.1/io.grpc/grpc-netty-shaded/1.30.0/1c4b42f8dcff48f5ef6c1fec3812f610e5b59b6a/guava-28.2-android.jar,file:/C:/Users/IMAGE%20COMPUTERS/.gradle/caches/modules-2/files-2.1/io.grpc/grpc-netty-shaded/1.30.0/1c4b42f8dcff48f5ef6c1fec3812f610e5b59b6a/perfmark-api-0.19.0.jar,file:/C:/Users/IMAGE%20COMPUTERS/.gradle/caches/modules-2/files-2.1/io.grpc/grpc-netty-shaded/1.30.0/1c4b42f8dcff48f5ef6c1fec3812f610e5b59b6a/jsr305-3.0.2.jar,file:/C:/Users/IMAGE%20COMPUTERS/.gradle/caches/modules-2/files-2.1/io.grpc/grpc-netty-shaded/1.30.0/1c4b42f8dcff48f5ef6c1fec3812f610e5b59b6a/grpc-context-1.30.0.jar,file:/C:/Users/IMAGE%20COMPUTERS/.gradle/caches/modules-2/files-2.1/io.grpc/grpc-netty-shaded/1.30.0/1c4b42f8dcff48f5ef6c1fec3812f610e5b59b6a/failureaccess-1.0.1.jar,file:/C:/Users/IMAGE%20COMPUTERS/.gradle/caches/modules-2/files-2.1/io.grpc/grpc-netty-shaded/1.30.0/1c4b42f8dcff48f5ef6c1fec3812f610e5b59b6a/listenablefuture-9999.0-empty-to-avoid-conflict-with-guava.jar,file:/C:/Users/IMAGE%20COMPUTERS/.gradle/caches/modules-2/files-2.1/io.grpc/grpc-netty-shaded/1.30.0/1c4b42f8dcff48f5ef6c1fec3812f610e5b59b6a/checker-compat-qual-2.5.5.jar,file:/C:/Users/IMAGE%20COMPUTERS/.gradle/caches/modules-2/files-2.1/io.grpc/grpc-netty-shaded/1.30.0/1c4b42f8dcff48f5ef6c1fec3812f610e5b59b6a/j2objc-annotations-1.3.jar
2026-07-02 17:13:31.049  INFO 1588 --- [restartedMain] o.s.b.devtools.restart.ChangeableUrls    : The Class-Path manifest attribute in C:\Users\IMAGE COMPUTERS\.gradle\caches\modules-2\files-2.1\io.grpc\grpc-alts\1.30.0\8d6229ee0da24e3e799a189b32a05263d99d9f6e\grpc-alts-1.30.0.jar referenced one or more files that do not exist: file:/C:/Users/IMAGE%20COMPUTERS/.gradle/caches/modules-2/files-2.1/io.grpc/grpc-alts/1.30.0/8d6229ee0da24e3e799a189b32a05263d99d9f6e/grpc-auth-1.30.0.jar,file:/C:/Users/IMAGE%20COMPUTERS/.gradle/caches/modules-2/files-2.1/io.grpc/grpc-alts/1.30.0/8d6229ee0da24e3e799a189b32a05263d99d9f6e/grpc-grpclb-1.30.0.jar,file:/C:/Users/IMAGE%20COMPUTERS/.gradle/caches/modules-2/files-2.1/io.grpc/grpc-alts/1.30.0/8d6229ee0da24e3e799a189b32a05263d99d9f6e/grpc-protobuf-1.30.0.jar,file:/C:/Users/IMAGE%20COMPUTERS/.gradle/caches/modules-2/files-2.1/io.grpc/grpc-alts/1.30.0/8d6229ee0da24e3e799a189b32a05263d99d9f6e/grpc-stub-1.30.0.jar,file:/C:/Users/IMAGE%20COMPUTERS/.gradle/caches/modules-2/files-2.1/io.grpc/grpc-alts/1.30.0/8d6229ee0da24e3e799a189b32a05263d99d9f6e/commons-lang3-3.5.jar,file:/C:/Users/IMAGE%20COMPUTERS/.gradle/caches/modules-2/files-2.1/io.grpc/grpc-alts/1.30.0/8d6229ee0da24e3e799a189b32a05263d99d9f6e/protobuf-java-util-3.12.0.jar,file:/C:/Users/IMAGE%20COMPUTERS/.gradle/caches/modules-2/files-2.1/io.grpc/grpc-alts/1.30.0/8d6229ee0da24e3e799a189b32a05263d99d9f6e/protobuf-java-3.12.0.jar,file:/C:/Users/IMAGE%20COMPUTERS/.gradle/caches/modules-2/files-2.1/io.grpc/grpc-alts/1.30.0/8d6229ee0da24e3e799a189b32a05263d99d9f6e/conscrypt-openjdk-uber-2.2.1.jar,file:/C:/Users/IMAGE%20COMPUTERS/.gradle/caches/modules-2/files-2.1/io.grpc/grpc-alts/1.30.0/8d6229ee0da24e3e799a189b32a05263d99d9f6e/google-auth-library-oauth2-http-0.20.0.jar,file:/C:/Users/IMAGE%20COMPUTERS/.gradle/caches/modules-2/files-2.1/io.grpc/grpc-alts/1.30.0/8d6229ee0da24e3e799a189b32a05263d99d9f6e/grpc-netty-shaded-1.30.0.jar,file:/C:/Users/IMAGE%20COMPUTERS/.gradle/caches/modules-2/files-2.1/io.grpc/grpc-alts/1.30.0/8d6229ee0da24e3e799a189b32a05263d99d9f6e/grpc-core-1.30.0.jar,file:/C:/Users/IMAGE%20COMPUTERS/.gradle/caches/modules-2/files-2.1/io.grpc/grpc-alts/1.30.0/8d6229ee0da24e3e799a189b32a05263d99d9f6e/grpc-protobuf-lite-1.30.0.jar,file:/C:/Users/IMAGE%20COMPUTERS/.gradle/caches/modules-2/files-2.1/io.grpc/grpc-alts/1.30.0/8d6229ee0da24e3e799a189b32a05263d99d9f6e/grpc-api-1.30.0.jar,file:/C:/Users/IMAGE%20COMPUTERS/.gradle/caches/modules-2/files-2.1/io.grpc/grpc-alts/1.30.0/8d6229ee0da24e3e799a189b32a05263d99d9f6e/guava-28.2-android.jar,file:/C:/Users/IMAGE%20COMPUTERS/.gradle/caches/modules-2/files-2.1/io.grpc/grpc-alts/1.30.0/8d6229ee0da24e3e799a189b32a05263d99d9f6e/error_prone_annotations-2.3.4.jar,file:/C:/Users/IMAGE%20COMPUTERS/.gradle/caches/modules-2/files-2.1/io.grpc/grpc-alts/1.30.0/8d6229ee0da24e3e799a189b32a05263d99d9f6e/google-auth-library-credentials-0.20.0.jar,file:/C:/Users/IMAGE%20COMPUTERS/.gradle/caches/modules-2/files-2.1/io.grpc/grpc-alts/1.30.0/8d6229ee0da24e3e799a189b32a05263d99d9f6e/animal-sniffer-annotations-1.18.jar,file:/C:/Users/IMAGE%20COMPUTERS/.gradle/caches/modules-2/files-2.1/io.grpc/grpc-alts/1.30.0/8d6229ee0da24e3e799a189b32a05263d99d9f6e/google-http-client-jackson2-1.34.0.jar,file:/C:/Users/IMAGE%20COMPUTERS/.gradle/caches/modules-2/files-2.1/io.grpc/grpc-alts/1.30.0/8d6229ee0da24e3e799a189b32a05263d99d9f6e/google-http-client-1.34.0.jar,file:/C:/Users/IMAGE%20COMPUTERS/.gradle/caches/modules-2/files-2.1/io.grpc/grpc-alts/1.30.0/8d6229ee0da24e3e799a189b32a05263d99d9f6e/perfmark-api-0.19.0.jar,file:/C:/Users/IMAGE%20COMPUTERS/.gradle/caches/modules-2/files-2.1/io.grpc/grpc-alts/1.30.0/8d6229ee0da24e3e799a189b32a05263d99d9f6e/jsr305-3.0.2.jar,file:/C:/Users/IMAGE%20COMPUTERS/.gradle/caches/modules-2/files-2.1/io.grpc/grpc-alts/1.30.0/8d6229ee0da24e3e799a189b32a05263d99d9f6e/proto-google-common-protos-1.17.0.jar,file:/C:/Users/IMAGE%20COMPUTERS/.gradle/caches/modules-2/files-2.1/io.grpc/grpc-alts/1.30.0/8d6229ee0da24e3e799a189b32a05263d99d9f6e/auto-value-annotations-1.7.jar,file:/C:/Users/IMAGE%20COMPUTERS/.gradle/caches/modules-2/files-2.1/io.grpc/grpc-alts/1.30.0/8d6229ee0da24e3e799a189b32a05263d99d9f6e/failureaccess-1.0.1.jar,file:/C:/Users/IMAGE%20COMPUTERS/.gradle/caches/modules-2/files-2.1/io.grpc/grpc-alts/1.30.0/8d6229ee0da24e3e799a189b32a05263d99d9f6e/listenablefuture-9999.0-empty-to-avoid-conflict-with-guava.jar,file:/C:/Users/IMAGE%20COMPUTERS/.gradle/caches/modules-2/files-2.1/io.grpc/grpc-alts/1.30.0/8d6229ee0da24e3e799a189b32a05263d99d9f6e/checker-compat-qual-2.5.5.jar,file:/C:/Users/IMAGE%20COMPUTERS/.gradle/caches/modules-2/files-2.1/io.grpc/grpc-alts/1.30.0/8d6229ee0da24e3e799a189b32a05263d99d9f6e/j2objc-annotations-1.3.jar,file:/C:/Users/IMAGE%20COMPUTERS/.gradle/caches/modules-2/files-2.1/io.grpc/grpc-alts/1.30.0/8d6229ee0da24e3e799a189b32a05263d99d9f6e/grpc-context-1.30.0.jar,file:/C:/Users/IMAGE%20COMPUTERS/.gradle/caches/modules-2/files-2.1/io.grpc/grpc-alts/1.30.0/8d6229ee0da24e3e799a189b32a05263d99d9f6e/gson-2.8.6.jar,file:/C:/Users/IMAGE%20COMPUTERS/.gradle/caches/modules-2/files-2.1/io.grpc/grpc-alts/1.30.0/8d6229ee0da24e3e799a189b32a05263d99d9f6e/annotations-4.1.1.4.jar,file:/C:/Users/IMAGE%20COMPUTERS/.gradle/caches/modules-2/files-2.1/io.grpc/grpc-alts/1.30.0/8d6229ee0da24e3e799a189b32a05263d99d9f6e/httpclient-4.5.10.jar,file:/C:/Users/IMAGE%20COMPUTERS/.gradle/caches/modules-2/files-2.1/io.grpc/grpc-alts/1.30.0/8d6229ee0da24e3e799a189b32a05263d99d9f6e/httpcore-4.4.12.jar,file:/C:/Users/IMAGE%20COMPUTERS/.gradle/caches/modules-2/files-2.1/io.grpc/grpc-alts/1.30.0/8d6229ee0da24e3e799a189b32a05263d99d9f6e/opencensus-contrib-http-util-0.24.0.jar,file:/C:/Users/IMAGE%20COMPUTERS/.gradle/caches/modules-2/files-2.1/io.grpc/grpc-alts/1.30.0/8d6229ee0da24e3e799a189b32a05263d99d9f6e/opencensus-api-0.24.0.jar,file:/C:/Users/IMAGE%20COMPUTERS/.gradle/caches/modules-2/files-2.1/io.grpc/grpc-alts/1.30.0/8d6229ee0da24e3e799a189b32a05263d99d9f6e/jackson-core-2.10.1.jar,file:/C:/Users/IMAGE%20COMPUTERS/.gradle/caches/modules-2/files-2.1/io.grpc/grpc-alts/1.30.0/8d6229ee0da24e3e799a189b32a05263d99d9f6e/commons-logging-1.2.jar,file:/C:/Users/IMAGE%20COMPUTERS/.gradle/caches/modules-2/files-2.1/io.grpc/grpc-alts/1.30.0/8d6229ee0da24e3e799a189b32a05263d99d9f6e/commons-codec-1.11.jar
2026-07-02 17:13:31.051  INFO 1588 --- [restartedMain] .e.DevToolsPropertyDefaultsPostProcessor : Devtools property defaults active! Set 'spring.devtools.add-properties' to 'false' to disable
2026-07-02 17:13:31.053  INFO 1588 --- [restartedMain] .e.DevToolsPropertyDefaultsPostProcessor : For additional web related logging consider setting the 'logging.level.web' property to 'DEBUG'
2026-07-02 17:13:34.869  INFO 1588 --- [restartedMain] .s.d.r.c.RepositoryConfigurationDelegate : Bootstrapping Spring Data JPA repositories in DEFAULT mode.
2026-07-02 17:13:36.252  INFO 1588 --- [restartedMain] .s.d.r.c.RepositoryConfigurationDelegate : Finished Spring Data repository scanning in 1355 ms. Found 90 JPA repository interfaces.
2026-07-02 17:13:38.154  INFO 1588 --- [restartedMain] trationDelegate$BeanPostProcessorChecker : Bean 'org.springframework.retry.annotation.RetryConfiguration' of type [org.springframework.retry.annotation.RetryConfiguration] is not eligible for getting processed by all BeanPostProcessors (for example: not eligible for auto-proxying)
2026-07-02 17:13:38.338  INFO 1588 --- [restartedMain] trationDelegate$BeanPostProcessorChecker : Bean 'org.springframework.security.access.expression.method.DefaultMethodSecurityExpressionHandler@82b5b2b' of type [org.springframework.security.access.expression.method.DefaultMethodSecurityExpressionHandler] is not eligible for getting processed by all BeanPostProcessors (for example: not eligible for auto-proxying)
2026-07-02 17:13:38.350  INFO 1588 --- [restartedMain] trationDelegate$BeanPostProcessorChecker : Bean 'methodSecurityMetadataSource' of type [org.springframework.security.access.method.DelegatingMethodSecurityMetadataSource] is not eligible for getting processed by all BeanPostProcessors (for example: not eligible for auto-proxying)
2026-07-02 17:13:41.383  INFO 1588 --- [restartedMain] o.s.b.w.embedded.tomcat.TomcatWebServer  : Tomcat initialized with port(s): 8789 (http)
2026-07-02 17:13:41.455  INFO 1588 --- [restartedMain] o.apache.catalina.core.StandardService   : Starting service [Tomcat]
2026-07-02 17:13:41.455  INFO 1588 --- [restartedMain] org.apache.catalina.core.StandardEngine  : Starting Servlet engine: [Apache Tomcat/9.0.39]
2026-07-02 17:13:41.864  INFO 1588 --- [restartedMain] cwms/api/wms-inboundtransaction-service] : Initializing Spring embedded WebApplicationContext
2026-07-02 17:13:41.866  INFO 1588 --- [restartedMain] w.s.c.ServletWebServerApplicationContext : Root WebApplicationContext: initialization completed in 10811 ms
2026-07-02 17:13:42.727  INFO 1588 --- [restartedMain] com.zaxxer.hikari.HikariDataSource       : HIKARI-WK - Starting...
2026-07-02 17:13:43.750  INFO 1588 --- [restartedMain] com.zaxxer.hikari.HikariDataSource       : HIKARI-WK - Start completed.
2026-07-02 17:13:43.752  INFO 1588 --- [restartedMain] com.zaxxer.hikari.HikariDataSource       : HIKARI-MDU - Starting...
2026-07-02 17:13:43.923  INFO 1588 --- [restartedMain] com.zaxxer.hikari.HikariDataSource       : HIKARI-MDU - Start completed.
2026-07-02 17:13:43.923  INFO 1588 --- [restartedMain] com.zaxxer.hikari.HikariDataSource       : HIKARI-CMP - Starting...
2026-07-02 17:13:44.145  INFO 1588 --- [restartedMain] com.zaxxer.hikari.HikariDataSource       : HIKARI-CMP - Start completed.
2026-07-02 17:13:44.151  INFO 1588 --- [restartedMain] com.zaxxer.hikari.HikariDataSource       : HIKARI-CHN - Starting...
2026-07-02 17:13:44.308  INFO 1588 --- [restartedMain] com.zaxxer.hikari.HikariDataSource       : HIKARI-CHN - Start completed.
2026-07-02 17:13:44.308  INFO 1588 --- [restartedMain] com.zaxxer.hikari.HikariDataSource       : HIKARI-VGA - Starting...
2026-07-02 17:13:44.500  INFO 1588 --- [restartedMain] com.zaxxer.hikari.HikariDataSource       : HIKARI-VGA - Start completed.
2026-07-02 17:13:44.500  INFO 1588 --- [restartedMain] com.zaxxer.hikari.HikariDataSource       : HIKARI-CCL - Starting...
2026-07-02 17:13:44.667  INFO 1588 --- [restartedMain] com.zaxxer.hikari.HikariDataSource       : HIKARI-CCL - Start completed.
2026-07-02 17:13:44.667  INFO 1588 --- [restartedMain] com.zaxxer.hikari.HikariDataSource       : HIKARI-HYD - Starting...
2026-07-02 17:13:44.810  INFO 1588 --- [restartedMain] com.zaxxer.hikari.HikariDataSource       : HIKARI-HYD - Start completed.
2026-07-02 17:13:44.810  INFO 1588 --- [restartedMain] com.zaxxer.hikari.HikariDataSource       : HIKARI-AHM - Starting...
2026-07-02 17:13:44.975  INFO 1588 --- [restartedMain] com.zaxxer.hikari.HikariDataSource       : HIKARI-AHM - Start completed.
2026-07-02 17:13:44.977  INFO 1588 --- [restartedMain] com.zaxxer.hikari.HikariDataSource       : HIKARI-MUB - Starting...
2026-07-02 17:13:45.760  INFO 1588 --- [restartedMain] com.zaxxer.hikari.HikariDataSource       : HIKARI-MUB - Start completed.
2026-07-02 17:13:45.760  INFO 1588 --- [restartedMain] com.zaxxer.hikari.HikariDataSource       : HIKARI-NGP1 - Starting...
2026-07-02 17:13:45.905  INFO 1588 --- [restartedMain] com.zaxxer.hikari.HikariDataSource       : HIKARI-NGP1 - Start completed.
2026-07-02 17:13:45.920  INFO 1588 --- [restartedMain] com.zaxxer.hikari.HikariDataSource       : HIKARI-NGP2 - Starting...
2026-07-02 17:13:46.079  INFO 1588 --- [restartedMain] com.zaxxer.hikari.HikariDataSource       : HIKARI-NGP2 - Start completed.
2026-07-02 17:13:46.510  INFO 1588 --- [restartedMain] o.hibernate.jpa.internal.util.LogHelper  : HHH000204: Processing PersistenceUnitInfo [name: default]
2026-07-02 17:13:46.739  INFO 1588 --- [restartedMain] org.hibernate.Version                    : HHH000412: Hibernate ORM core version 5.4.23.Final
2026-07-02 17:13:47.489  INFO 1588 --- [restartedMain] o.hibernate.annotations.common.Version   : HCANN000001: Hibernate Commons Annotations {5.1.2.Final}
2026-07-02 17:13:49.597  INFO 1588 --- [restartedMain] c.t.w.a.i.t.c.d.DynamicDataSource        : Routing to database: WK
2026-07-02 17:13:49.672  INFO 1588 --- [restartedMain] org.hibernate.dialect.Dialect            : HHH000400: Using dialect: org.hibernate.dialect.SQLServer2012Dialect
2026-07-02 17:13:59.422  INFO 1588 --- [restartedMain] o.h.e.t.j.p.i.JtaPlatformInitiator       : HHH000490: Using JtaPlatform implementation: [org.hibernate.engine.transaction.jta.platform.internal.NoJtaPlatform]
2026-07-02 17:13:59.529  INFO 1588 --- [restartedMain] j.LocalContainerEntityManagerFactoryBean : Initialized JPA EntityManagerFactory for persistence unit 'default'
2026-07-02 17:13:59.626  INFO 1588 --- [restartedMain] o.s.b.d.a.OptionalLiveReloadServer       : LiveReload server is running on port 35729
2026-07-02 17:13:59.910  WARN 1588 --- [restartedMain] JpaBaseConfiguration$JpaWebConfiguration : spring.jpa.open-in-view is enabled by default. Therefore, database queries may be performed during view rendering. Explicitly configure spring.jpa.open-in-view to disable this warning
2026-07-02 17:14:16.321  WARN 1588 --- [restartedMain] o.s.s.o.p.t.s.JwtAccessTokenConverter    : Unable to create an RSA verifier from verifierKey (ignoreable if using MAC)
2026-07-02 17:14:16.542 DEBUG 1588 --- [restartedMain] .s.o.p.e.FrameworkEndpointHandlerMapping : 8 mappings in 'oauth2EndpointHandlerMapping'
2026-07-02 17:14:16.769 DEBUG 1588 --- [restartedMain] s.w.s.m.m.a.RequestMappingHandlerMapping : 385 mappings in 'requestMappingHandlerMapping'
2026-07-02 17:14:17.095  INFO 1588 --- [restartedMain] o.s.b.a.e.web.EndpointLinksResolver      : Exposing 16 endpoint(s) beneath base path '/actuator'
2026-07-02 17:14:17.328  INFO 1588 --- [restartedMain] o.s.s.concurrent.ThreadPoolTaskExecutor  : Initializing ExecutorService
2026-07-02 17:14:17.331  INFO 1588 --- [restartedMain] o.s.s.concurrent.ThreadPoolTaskExecutor  : Initializing ExecutorService 'asyncExecutor'
2026-07-02 17:14:17.372  INFO 1588 --- [restartedMain] pertySourcedRequestMappingHandlerMapping : Mapped URL path [/v2/api-docs] onto method [springfox.documentation.swagger2.web.Swagger2Controller#getDocumentation(String, HttpServletRequest)]
2026-07-02 17:14:18.046 DEBUG 1588 --- [restartedMain] s.c.a.w.c.WebSecurityConfigurerAdapter$2 : No authenticationProviders and no parentAuthenticationManager defined. Returning null.
2026-07-02 17:14:18.813  INFO 1588 --- [restartedMain] o.s.s.web.DefaultSecurityFilterChain     : Will secure Ant [pattern='/**/actuator/**'] with []
2026-07-02 17:14:18.815  INFO 1588 --- [restartedMain] o.s.s.web.DefaultSecurityFilterChain     : Will secure Ant [pattern='/actuator/**'] with []
2026-07-02 17:14:18.815  INFO 1588 --- [restartedMain] o.s.s.web.DefaultSecurityFilterChain     : Will secure Ant [pattern='/v2/api-docs'] with []
2026-07-02 17:14:18.815  INFO 1588 --- [restartedMain] o.s.s.web.DefaultSecurityFilterChain     : Will secure Ant [pattern='/swagger-resources/**'] with []
2026-07-02 17:14:18.815  INFO 1588 --- [restartedMain] o.s.s.web.DefaultSecurityFilterChain     : Will secure Ant [pattern='/swagger-ui.html'] with []
2026-07-02 17:14:18.815  INFO 1588 --- [restartedMain] o.s.s.web.DefaultSecurityFilterChain     : Will secure Ant [pattern='/webjars/**'] with []
2026-07-02 17:14:18.884 DEBUG 1588 --- [restartedMain] edFilterInvocationSecurityMetadataSource : Adding web access control expression [fullyAuthenticated] for Ant [pattern='/oauth/token']
2026-07-02 17:14:18.898 DEBUG 1588 --- [restartedMain] edFilterInvocationSecurityMetadataSource : Adding web access control expression [permitAll()] for Ant [pattern='/oauth/token_key']
2026-07-02 17:14:18.898 DEBUG 1588 --- [restartedMain] edFilterInvocationSecurityMetadataSource : Adding web access control expression [isAuthenticated()] for Ant [pattern='/oauth/check_token']
2026-07-02 17:14:18.916  INFO 1588 --- [restartedMain] o.s.s.web.DefaultSecurityFilterChain     : Will secure Or [Ant [pattern='/oauth/token'], Ant [pattern='/oauth/token_key'], Ant [pattern='/oauth/check_token']] with [org.springframework.security.web.context.request.async.WebAsyncManagerIntegrationFilter@6ee0c62b, org.springframework.security.web.context.SecurityContextPersistenceFilter@5b2a8a0a, org.springframework.security.web.header.HeaderWriterFilter@1f4994c7, org.springframework.security.web.authentication.logout.LogoutFilter@624543c0, org.springframework.security.web.authentication.www.BasicAuthenticationFilter@1846263c, org.springframework.security.web.savedrequest.RequestCacheAwareFilter@781798f2, org.springframework.security.web.servletapi.SecurityContextHolderAwareRequestFilter@7974369f, org.springframework.security.web.authentication.AnonymousAuthenticationFilter@37efdc97, org.springframework.security.web.session.SessionManagementFilter@5a351034, org.springframework.security.web.access.ExceptionTranslationFilter@3d5aebd5, org.springframework.security.web.access.intercept.FilterSecurityInterceptor@30b7e949]
2026-07-02 17:14:18.931 DEBUG 1588 --- [restartedMain] edFilterInvocationSecurityMetadataSource : Adding web access control expression [authenticated] for any request
2026-07-02 17:14:18.931  INFO 1588 --- [restartedMain] o.s.s.web.DefaultSecurityFilterChain     : Will secure org.springframework.security.oauth2.config.annotation.web.configuration.ResourceServerConfiguration$NotOAuthRequestMatcher@13552561 with [org.springframework.security.web.context.request.async.WebAsyncManagerIntegrationFilter@2d7fe95, org.springframework.security.web.context.SecurityContextPersistenceFilter@96c8b3e, org.springframework.security.web.header.HeaderWriterFilter@68012489, org.springframework.security.web.authentication.logout.LogoutFilter@636a8adf, org.springframework.security.oauth2.provider.authentication.OAuth2AuthenticationProcessingFilter@655f9fa7, org.springframework.security.web.savedrequest.RequestCacheAwareFilter@27078940, org.springframework.security.web.servletapi.SecurityContextHolderAwareRequestFilter@4643d445, org.springframework.security.web.authentication.AnonymousAuthenticationFilter@5239484b, org.springframework.security.web.session.SessionManagementFilter@3d7ea8f1, org.springframework.security.web.access.ExceptionTranslationFilter@25b16e95, org.springframework.security.web.access.intercept.FilterSecurityInterceptor@1208484e]
2026-07-02 17:14:18.931 DEBUG 1588 --- [restartedMain] edFilterInvocationSecurityMetadataSource : Adding web access control expression [permitAll] for any request
2026-07-02 17:14:18.931  INFO 1588 --- [restartedMain] o.s.s.web.DefaultSecurityFilterChain     : Will secure any request with [org.springframework.security.web.context.request.async.WebAsyncManagerIntegrationFilter@19c0390d, org.springframework.security.web.context.SecurityContextPersistenceFilter@799fef33, org.springframework.security.web.header.HeaderWriterFilter@661d8ad, org.springframework.security.web.authentication.logout.LogoutFilter@2b6fa1af, org.springframework.security.web.savedrequest.RequestCacheAwareFilter@c53b231, org.springframework.security.web.servletapi.SecurityContextHolderAwareRequestFilter@47fb7a6, org.springframework.security.web.authentication.AnonymousAuthenticationFilter@62c9ae6c, org.springframework.security.web.session.SessionManagementFilter@9040bb8, org.springframework.security.web.access.ExceptionTranslationFilter@48e7abca, org.springframework.security.web.access.intercept.FilterSecurityInterceptor@4142efe8]
2026-07-02 17:14:19.236 DEBUG 1588 --- [restartedMain] s.w.s.m.m.a.RequestMappingHandlerAdapter : ControllerAdvice beans: 0 @ModelAttribute, 0 @InitBinder, 1 RequestBodyAdvice, 1 ResponseBodyAdvice
2026-07-02 17:14:19.391 DEBUG 1588 --- [restartedMain] o.s.w.s.handler.SimpleUrlHandlerMapping  : Patterns [/webjars/**, /**] in 'resourceHandlerMapping'
2026-07-02 17:14:19.423 DEBUG 1588 --- [restartedMain] .m.m.a.ExceptionHandlerExceptionResolver : ControllerAdvice beans: 1 @ExceptionHandler, 1 ResponseBodyAdvice
2026-07-02 17:14:19.535  INFO 1588 --- [restartedMain] c.t.w.a.i.t.c.d.DynamicDataSource        : Routing to database: WK
2026-07-02 17:14:19.535  INFO 1588 --- [restartedMain] c.t.w.a.i.t.c.d.DynamicDataSource        : Routing to database: WK
2026-07-02 17:14:19.549  INFO 1588 --- [restartedMain] c.t.w.a.i.t.c.d.DynamicDataSource        : Routing to database: WK
2026-07-02 17:14:19.549  INFO 1588 --- [restartedMain] c.t.w.a.i.t.c.d.DynamicDataSource        : Routing to database: WK
2026-07-02 17:14:19.981  INFO 1588 --- [restartedMain] o.s.s.c.ThreadPoolTaskScheduler          : Initializing ExecutorService 'taskScheduler'
2026-07-02 17:14:20.537  INFO 1588 --- [restartedMain] o.s.b.w.embedded.tomcat.TomcatWebServer  : Tomcat started on port(s): 8789 (http) with context path '/classicwms/api/wms-inboundtransaction-service'
2026-07-02 17:14:20.541  INFO 1588 --- [restartedMain] d.s.w.p.DocumentationPluginsBootstrapper : Context refreshed
2026-07-02 17:14:20.576  INFO 1588 --- [restartedMain] d.s.w.p.DocumentationPluginsBootstrapper : Found 1 custom documentation plugin(s)
2026-07-02 17:14:21.225  INFO 1588 --- [restartedMain] s.d.s.w.s.ApiListingReferenceScanner     : Scanning for api listing references
2026-07-02 17:14:21.803  INFO 1588 --- [restartedMain] .d.s.w.r.o.CachingOperationNameGenerator : Generating unique operation named: getAllUsingGET_1
2026-07-02 17:14:21.828  INFO 1588 --- [restartedMain] .d.s.w.r.o.CachingOperationNameGenerator : Generating unique operation named: getContainerReceiptV2UsingGET_1
2026-07-02 17:14:21.978  INFO 1588 --- [restartedMain] .d.s.w.r.o.CachingOperationNameGenerator : Generating unique operation named: getAllUsingGET_2
2026-07-02 17:14:22.387  INFO 1588 --- [restartedMain] .d.s.w.r.o.CachingOperationNameGenerator : Generating unique operation named: getAllUsingGET_3
2026-07-02 17:14:22.742  INFO 1588 --- [restartedMain] .d.s.w.r.o.CachingOperationNameGenerator : Generating unique operation named: getAllUsingGET_4
2026-07-02 17:14:22.766  INFO 1588 --- [restartedMain] .d.s.w.r.o.CachingOperationNameGenerator : Generating unique operation named: getGrLineUsingGET_1
2026-07-02 17:14:22.779  INFO 1588 --- [restartedMain] .d.s.w.r.o.CachingOperationNameGenerator : Generating unique operation named: getGrLineV2UsingGET_1
2026-07-02 17:14:23.644  INFO 1588 --- [restartedMain] .d.s.w.r.o.CachingOperationNameGenerator : Generating unique operation named: getAllUsingGET_5
2026-07-02 17:14:24.026  INFO 1588 --- [restartedMain] .d.s.w.r.o.CachingOperationNameGenerator : Generating unique operation named: getAllUsingGET_6
2026-07-02 17:14:24.090  INFO 1588 --- [restartedMain] .d.s.w.r.o.CachingOperationNameGenerator : Generating unique operation named: postInboundLineUsingPOST_1
2026-07-02 17:14:24.106  INFO 1588 --- [restartedMain] .d.s.w.r.o.CachingOperationNameGenerator : Generating unique operation named: postInboundLineV2UsingPOST_1
2026-07-02 17:14:24.139  INFO 1588 --- [restartedMain] .d.s.w.r.o.CachingOperationNameGenerator : Generating unique operation named: getAllUsingGET_7
2026-07-02 17:14:24.276  INFO 1588 --- [restartedMain] .d.s.w.r.o.CachingOperationNameGenerator : Generating unique operation named: getAllUsingGET_8
2026-07-02 17:14:24.544  INFO 1588 --- [restartedMain] .d.s.w.r.o.CachingOperationNameGenerator : Generating unique operation named: findInventoryUsingPOST_1
2026-07-02 17:14:24.728  INFO 1588 --- [restartedMain] .d.s.w.r.o.CachingOperationNameGenerator : Generating unique operation named: getInventoryUsingGET_1
2026-07-02 17:14:24.910  INFO 1588 --- [restartedMain] .d.s.w.r.o.CachingOperationNameGenerator : Generating unique operation named: getAllUsingGET_9
2026-07-02 17:14:25.111  INFO 1588 --- [restartedMain] .d.s.w.r.o.CachingOperationNameGenerator : Generating unique operation named: getAllUsingGET_10
2026-07-02 17:14:25.158  INFO 1588 --- [restartedMain] .d.s.w.r.o.CachingOperationNameGenerator : Generating unique operation named: getAllUsingGET_11
2026-07-02 17:14:25.245  INFO 1588 --- [restartedMain] .d.s.w.r.o.CachingOperationNameGenerator : Generating unique operation named: getAllUsingGET_12
2026-07-02 17:14:25.397  INFO 1588 --- [restartedMain] .d.s.w.r.o.CachingOperationNameGenerator : Generating unique operation named: deletePeriodicHeaderUsingDELETE_1
2026-07-02 17:14:25.397  INFO 1588 --- [restartedMain] .d.s.w.r.o.CachingOperationNameGenerator : Generating unique operation named: findInventoryUsingPOST_2
2026-07-02 17:14:25.413  INFO 1588 --- [restartedMain] .d.s.w.r.o.CachingOperationNameGenerator : Generating unique operation named: findPeriodicHeaderUsingPOST_1
2026-07-02 17:14:25.460  INFO 1588 --- [restartedMain] .d.s.w.r.o.CachingOperationNameGenerator : Generating unique operation named: getAllUsingGET_13
2026-07-02 17:14:25.612  INFO 1588 --- [restartedMain] .d.s.w.r.o.CachingOperationNameGenerator : Generating unique operation named: patchPeriodicHeaderUsingPATCH_1
2026-07-02 17:14:26.063  INFO 1588 --- [restartedMain] .d.s.w.r.o.CachingOperationNameGenerator : Generating unique operation named: getAllUsingGET_14
2026-07-02 17:14:26.066  INFO 1588 --- [restartedMain] .d.s.w.r.o.CachingOperationNameGenerator : Generating unique operation named: getAllPerpetualHeaderV2UsingGET_1
2026-07-02 17:14:26.255  INFO 1588 --- [restartedMain] .d.s.w.r.o.CachingOperationNameGenerator : Generating unique operation named: patchAssingHHTUserUsingPATCH_1
2026-07-02 17:14:26.255  INFO 1588 --- [restartedMain] .d.s.w.r.o.CachingOperationNameGenerator : Generating unique operation named: patchAssingHHTUserV2UsingPATCH_1
2026-07-02 17:14:26.300  INFO 1588 --- [restartedMain] .d.s.w.r.o.CachingOperationNameGenerator : Generating unique operation named: getAllUsingGET_15
2026-07-02 17:14:26.300  INFO 1588 --- [restartedMain] .d.s.w.r.o.CachingOperationNameGenerator : Generating unique operation named: getPreInboundHeaderUsingGET_1
2026-07-02 17:14:26.300  INFO 1588 --- [restartedMain] .d.s.w.r.o.CachingOperationNameGenerator : Generating unique operation named: getPreInboundHeaderUsingGET_2
2026-07-02 17:14:26.366  INFO 1588 --- [restartedMain] .d.s.w.r.o.CachingOperationNameGenerator : Generating unique operation named: getPreInboundHeaderV2UsingGET_1
2026-07-02 17:14:26.565  INFO 1588 --- [restartedMain] .d.s.w.r.o.CachingOperationNameGenerator : Generating unique operation named: getAllUsingGET_16
2026-07-02 17:14:26.581  INFO 1588 --- [restartedMain] .d.s.w.r.o.CachingOperationNameGenerator : Generating unique operation named: getPreInboundLineV2UsingGET_1
2026-07-02 17:14:26.618  INFO 1588 --- [restartedMain] .d.s.w.r.o.CachingOperationNameGenerator : Generating unique operation named: getAllUsingGET_17
2026-07-02 17:14:26.652  INFO 1588 --- [restartedMain] .d.s.w.r.o.CachingOperationNameGenerator : Generating unique operation named: getAllUsingGET_18
2026-07-02 17:14:26.810  INFO 1588 --- [restartedMain] .d.s.w.r.o.CachingOperationNameGenerator : Generating unique operation named: getAllUsingGET_19
2026-07-02 17:14:26.823  INFO 1588 --- [restartedMain] .d.s.w.r.o.CachingOperationNameGenerator : Generating unique operation named: getPutAwayHeaderUsingGET_1
2026-07-02 17:14:26.824  INFO 1588 --- [restartedMain] .d.s.w.r.o.CachingOperationNameGenerator : Generating unique operation named: getPutAwayHeaderV2UsingGET_1
2026-07-02 17:14:26.906  INFO 1588 --- [restartedMain] .d.s.w.r.o.CachingOperationNameGenerator : Generating unique operation named: patchPutAwayHeaderUsingPATCH_1
2026-07-02 17:14:27.015  INFO 1588 --- [restartedMain] .d.s.w.r.o.CachingOperationNameGenerator : Generating unique operation named: patchPutAwayHeaderV2UsingPATCH_1
2026-07-02 17:14:27.146  INFO 1588 --- [restartedMain] .d.s.w.r.o.CachingOperationNameGenerator : Generating unique operation named: getAllUsingGET_20
2026-07-02 17:14:27.160  INFO 1588 --- [restartedMain] .d.s.w.r.o.CachingOperationNameGenerator : Generating unique operation named: getPutAwayLineForInboundLineUsingGET_1
2026-07-02 17:14:27.167  INFO 1588 --- [restartedMain] .d.s.w.r.o.CachingOperationNameGenerator : Generating unique operation named: getPutAwayLineForInboundLineV2UsingGET_1
2026-07-02 17:14:27.269  INFO 1588 --- [restartedMain] .d.s.w.r.o.CachingOperationNameGenerator : Generating unique operation named: getAllUsingGET_21
2026-07-02 17:14:27.523  INFO 1588 --- [restartedMain] .d.s.w.r.o.CachingOperationNameGenerator : Generating unique operation named: getAllUsingGET_22
2026-07-02 17:14:27.538  INFO 1588 --- [restartedMain] .d.s.w.r.o.CachingOperationNameGenerator : Generating unique operation named: getStagingHeaderUsingGET_1
2026-07-02 17:14:27.745  INFO 1588 --- [restartedMain] .d.s.w.r.o.CachingOperationNameGenerator : Generating unique operation named: getAllUsingGET_23
2026-07-02 17:14:28.544  INFO 1588 --- [restartedMain] .t.w.a.i.t.TransactionServiceApplication : Started TransactionServiceApplication in 58.632 seconds (JVM running for 60.082)
