#
# A fatal error has been detected by the Java Runtime Environment:
#
#  EXCEPTION_ACCESS_VIOLATION (0xc0000005) at pc=0x000002fa20b5112d, pid=2200, tid=3352
#
# JRE version: OpenJDK Runtime Environment Corretto-11.0.26.4.1 (11.0.26+4) (build 11.0.26+4-LTS)
# Java VM: OpenJDK 64-Bit Server VM Corretto-11.0.26.4.1 (11.0.26+4-LTS, mixed mode, tiered, compressed oops, g1 gc, windows-amd64)
# Problematic frame:
# v  ~StubRoutines::get_previous_fp
#
# No core dump will be written. Minidumps are not enabled by default on client versions of Windows
#
# If you would like to submit a bug report, please visit:
#   https://github.com/corretto/corretto-11/issues/
#

---------------  S U M M A R Y ------------

Command Line: -Ddebugger.agent.enable.coroutines=true -Dkotlinx.coroutines.debug.enable.creation.stack.trace=false -Dkotlinx.coroutines.debug.enable.flows.stack.trace=true -Dkotlinx.coroutines.debug.enable.mutable.state.flows.stack.trace=true -agentlib:jdwp=transport=dt_socket,server=n,suspend=y,address=127.0.0.1:57738 -javaagent:C:\Users\sandhiya\AppData\Local\JetBrains\IdeaIC2024.3\captureAgent\debugger-agent.jar -Dfile.encoding=UTF-8 -Duser.country=US -Duser.language=en -Duser.variant com.tekclover.wms.api.masters.MasterSetupServerApplication

Host: Intel(R) Core(TM) i5-5300U CPU @ 2.30GHz, 4 cores, 15G,  Windows 10 , 64 bit Build 19041 (10.0.19041.5915)
Time: Tue Aug 12 13:35:33 2025 India Standard Time elapsed time: 0.665724 seconds (0d 0h 0m 0s)

---------------  T H R E A D  ---------------

Current thread (0x000002fa183c8000):  JavaThread "main" [_thread_in_vm, id=3352, stack(0x000000fc9c200000,0x000000fc9c300000)]

Stack: [0x000000fc9c200000,0x000000fc9c300000],  sp=0x000000fc9c2ff2d0,  free space=1020k
Native frames: (J=compiled Java code, j=interpreted, Vv=VM code, C=native code)
C  0x000002fa20b5112d


siginfo: EXCEPTION_ACCESS_VIOLATION (0xc0000005), reading address 0x00000000000003d8


Register to memory mapping:

RIP=0x000002fa20b5112d is at begin+8 in a stub
StubRoutines::get_previous_fp [0x000002fa20b51125, 0x000002fa20b51132[ (13 bytes)
RAX=0x00000000000003d8 is an unknown value
RBX=0x000000fc9c2ff370 is pointing into the stack for thread: 0x000002fa183c8000
RCX=0x000000fc9c2ff370 is pointing into the stack for thread: 0x000002fa183c8000
RDX=0x0 is NULL
RSP=0x000000fc9c2ff2d0 is pointing into the stack for thread: 0x000002fa183c8000
RBP=0x000000fc9c2ff2d0 is pointing into the stack for thread: 0x000002fa183c8000
RSI=0x0 is NULL
RDI=0x000002fa183c8000 is a thread
R8 =0x000000fc9c2ff248 is pointing into the stack for thread: 0x000002fa183c8000
R9 =0x0000000000000001 is an unknown value
R10=0x0 is NULL
R11=0x000000fc9c2ff300 is pointing into the stack for thread: 0x000002fa183c8000
R12=0x000002fa183c8cf8 points into unknown readable memory: 0x0805962fb7d843a3 | a3 43 d8 b7 2f 96 05 08
R13=0x000002fa3b5bc398 points into unknown readable memory: 0x000002fa16319300 | 00 93 31 16 fa 02 00 00
R14=0x000002fa3c417180 points into unknown readable memory: 0x000002fa3bec6230 | 30 62 ec 3b fa 02 00 00
R15=0x000002fa183c8920 points into unknown readable memory: 0x0072006f006d0020 | 20 00 6d 00 6f 00 72 00


Registers:
RAX=0x00000000000003d8, RBX=0x000000fc9c2ff370, RCX=0x000000fc9c2ff370, RDX=0x0000000000000000
RSP=0x000000fc9c2ff2d0, RBP=0x000000fc9c2ff2d0, RSI=0x0000000000000000, RDI=0x000002fa183c8000
R8 =0x000000fc9c2ff248, R9 =0x0000000000000001, R10=0x0000000000000000, R11=0x000000fc9c2ff300
R12=0x000002fa183c8cf8, R13=0x000002fa3b5bc398, R14=0x000002fa3c417180, R15=0x000002fa183c8920
RIP=0x000002fa20b5112d, EFLAGS=0x0000000000010202

Top of Stack: (sp=0x000000fc9c2ff2d0)
0x000000fc9c2ff2d0:   00000000000003d8 00007ff979595f66
0x000000fc9c2ff2e0:   00000000000000af 000000fc9c2ff3d0
0x000000fc9c2ff2f0:   00007ff9bfcf82d0 00007ff9d82ab3e4
0x000000fc9c2ff300:   000002fa183c8910 00007ff97901272c
0x000000fc9c2ff310:   000002fa183c8000 000002fa16315c30
0x000000fc9c2ff320:   00000000000007d0 0000000000007fd8
0x000000fc9c2ff330:   000002fa183c8000 00007ff9796ea371
0x000000fc9c2ff340:   000002fa16315c30 000002fa183c8910
0x000000fc9c2ff350:   000002fa183c8910 000002fa3b5a1d60
0x000000fc9c2ff360:   000002fa18398098 00007ff9bfcf148c
0x000000fc9c2ff370:   0000000000000000 0000000000000024
0x000000fc9c2ff380:   00007ff9bfcf82d0 000000fc9c2ff3d0
0x000000fc9c2ff390:   00007ff9d837f540 0000000000000000
0x000000fc9c2ff3a0:   0000e028a2a5a950 00007ff9bfcf7ae0
0x000000fc9c2ff3b0:   000002fa183c8000 00007ff9795986b0
0x000000fc9c2ff3c0:   000002fa183c8350 00007ff9bfcf82d0 

Instructions: (pc=0x000002fa20b5112d)
0x000002fa20b5102d:   84 83 00 00 00 83 fa 07 0f 84 80 00 00 00 89 01
0x000002fa20b5103d:   48 8d a5 28 fe ff ff c5 fa 6f 75 b8 c5 fa 6f 7d
0x000002fa20b5104d:   a8 c5 7a 6f 45 98 c5 7a 6f 4d 88 c5 7a 6f 95 78
0x000002fa20b5105d:   ff ff ff c5 7a 6f 9d 68 ff ff ff c5 7a 6f a5 58
0x000002fa20b5106d:   ff ff ff c5 7a 6f ad 48 ff ff ff c5 7a 6f b5 38
0x000002fa20b5107d:   ff ff ff c5 7a 6f bd 28 ff ff ff 4c 8b 7d c8 4c
0x000002fa20b5108d:   8b 75 d0 4c 8b 6d d8 4c 8b 65 e0 48 8b 5d f8 48
0x000002fa20b5109d:   8b 7d e8 48 8b 75 f0 48 81 c4 d8 01 00 00 c5 f8
0x000002fa20b510ad:   77 5d c3 48 89 01 eb 88 c5 fa 11 01 eb 82 c5 fb
0x000002fa20b510bd:   11 01 e9 79 ff ff ff 49 89 47 08 49 ba 40 67 89
0x000002fa20b510cd:   79 f9 7f 00 00 4d 89 57 10 41 c7 47 18 da 01 00
0x000002fa20b510dd:   00 e9 2d ff ff ff 8b c1 87 02 c3 48 8b c1 48 87
0x000002fa20b510ed:   02 c3 41 8b c0 f0 0f b1 0a c3 49 0f be c0 f0 0f
0x000002fa20b510fd:   b0 0a c3 49 8b c0 f0 48 0f b1 0a c3 8b c1 f0 0f
0x000002fa20b5110d:   c1 0a 03 c1 c3 48 8b c1 f0 48 0f c1 0a 48 03 c1
0x000002fa20b5111d:   c3 f0 83 44 24 c0 00 c3 55 48 8b ec 48 8b 45 00
0x000002fa20b5112d:   48 8b 00 5d c3 48 8b c4 48 83 c0 08 c3 c3 0f 1f
0x000002fa20b5113d:   44 00 00 55 48 8b ec 49 b9 70 25 9f 79 f9 7f 00
0x000002fa20b5114d:   00 f7 d1 41 83 f8 10 0f 8c 38 02 00 00 44 8b da
0x000002fa20b5115d:   41 83 e3 0f 74 23 41 83 eb 10 45 03 c3 66 90 0f
0x000002fa20b5116d:   be 02 33 c1 81 e0 ff 00 00 00 c1 e9 08 41 33 0c
0x000002fa20b5117d:   81 48 ff c2 41 ff c3 7c e6 45 8b d8 41 c1 e8 04
0x000002fa20b5118d:   0f 84 fc 01 00 00 c5 f9 6f 0a c5 f9 7e c8 33 c8
0x000002fa20b5119d:   c4 e3 71 22 c9 00 48 83 c2 10 41 83 e8 04 0f 8c
0x000002fa20b511ad:   d7 00 00 00 c5 f9 6f 12 c5 f9 6f 5a 10 c5 f9 6f
0x000002fa20b511bd:   62 20 48 83 c2 30 41 83 e8 03 0f 8e 70 00 00 00
0x000002fa20b511cd:   49 ba 60 25 9f 79 f9 7f 00 00 c4 c1 7a 6f 02 0f
0x000002fa20b511dd:   1f 40 00 c4 e3 79 44 e9 11 c4 e3 79 44 c9 00 c5
0x000002fa20b511ed:   f1 ef 0a c5 f1 ef cd c4 e3 79 44 ea 11 c4 e3 79
0x000002fa20b511fd:   44 d2 00 c5 e9 ef 52 10 c5 e9 ef d5 c4 e3 79 44
0x000002fa20b5120d:   eb 11 c4 e3 79 44 db 00 c5 e1 ef 5a 20 c5 e1 ef
0x000002fa20b5121d:   dd c4 e3 79 44 ec 11 c4 e3 79 44 e4 00 c5 d9 ef 


Stack slot to memory mapping:
stack at sp + 0 slots: 0x00000000000003d8 is an unknown value
stack at sp + 1 slots: 0x00007ff979595f66 jvm.dll
stack at sp + 2 slots: 0x00000000000000af is an unknown value
stack at sp + 3 slots: 0x000000fc9c2ff3d0 is pointing into the stack for thread: 0x000002fa183c8000
stack at sp + 4 slots: 0x00007ff9bfcf82d0 instrument.dll
stack at sp + 5 slots: 0x00007ff9d82ab3e4 ucrtbase.dll
stack at sp + 6 slots: 0x000002fa183c8910 points into unknown readable memory: 0x000002fa3c417170 | 70 71 41 3c fa 02 00 00
stack at sp + 7 slots: 0x00007ff97901272c jvm.dll

StubRoutines::get_previous_fp [0x000002fa20b51125, 0x000002fa20b51132[ (13 bytes)
---------------  P R O C E S S  ---------------

Threads class SMR info:
_java_thread_list=0x000002fa3c14af00, length=13, elements={
0x000002fa183c8000, 0x000002fa3b5b3800, 0x000002fa3b5ab800, 0x000002fa3bea9800,
0x000002fa3beaa800, 0x000002fa3beae000, 0x000002fa3beb1800, 0x000002fa3beb7000,
0x000002fa3bebe800, 0x000002fa3b558000, 0x000002fa3c371800, 0x000002fa3c2d3800,
0x000002fa3c0f9000
}
_to_delete_list=0x000002fa3c14af60, length=12, elements={
0x000002fa183c8000, 0x000002fa3b5b3800, 0x000002fa3b5ab800, 0x000002fa3bea9800,
0x000002fa3beaa800, 0x000002fa3beae000, 0x000002fa3beb1800, 0x000002fa3beb7000,
0x000002fa3bebe800, 0x000002fa3b558000, 0x000002fa3c371800, 0x000002fa3c2d3800
}

Java Threads: ( => current thread )
=>0x000002fa183c8000 JavaThread "main" [_thread_in_vm, id=3352, stack(0x000000fc9c200000,0x000000fc9c300000)]
  0x000002fa3b5b3800 JavaThread "Reference Handler" daemon [_thread_blocked, id=10668, stack(0x000000fc9c900000,0x000000fc9ca00000)]
  0x000002fa3b5ab800 JavaThread "Finalizer" daemon [_thread_blocked, id=11168, stack(0x000000fc9ca00000,0x000000fc9cb00000)]
  0x000002fa3bea9800 JavaThread "Signal Dispatcher" daemon [_thread_blocked, id=5680, stack(0x000000fc9cb00000,0x000000fc9cc00000)]
  0x000002fa3beaa800 JavaThread "Attach Listener" daemon [_thread_blocked, id=12264, stack(0x000000fc9cc00000,0x000000fc9cd00000)]
  0x000002fa3beae000 JavaThread "Service Thread" daemon [_thread_blocked, id=9224, stack(0x000000fc9cd00000,0x000000fc9ce00000)]
  0x000002fa3beb1800 JavaThread "C2 CompilerThread0" daemon [_thread_blocked, id=8544, stack(0x000000fc9ce00000,0x000000fc9cf00000)]
  0x000002fa3beb7000 JavaThread "C1 CompilerThread0" daemon [_thread_blocked, id=16100, stack(0x000000fc9cf00000,0x000000fc9d000000)]
  0x000002fa3bebe800 JavaThread "Sweeper thread" daemon [_thread_blocked, id=9252, stack(0x000000fc9d000000,0x000000fc9d100000)]
  0x000002fa3b558000 JavaThread "Common-Cleaner" daemon [_thread_blocked, id=12828, stack(0x000000fc9d100000,0x000000fc9d200000)]
  0x000002fa3c371800 JavaThread "JDWP Transport Listener: dt_socket" daemon [_thread_blocked, id=13740, stack(0x000000fc9d200000,0x000000fc9d300000)]
  0x000002fa3c2d3800 JavaThread "JDWP Event Helper Thread" daemon [_thread_blocked, id=9536, stack(0x000000fc9d300000,0x000000fc9d400000)]
  0x000002fa3c0f9000 JavaThread "JDWP Command Reader" daemon [_thread_in_native, id=7928, stack(0x000000fc9d400000,0x000000fc9d500000)]

Other Threads:
  0x000002fa3b5a1000 VMThread "VM Thread" [stack: 0x000000fc9c800000,0x000000fc9c900000] [id=8144]
  0x000002fa183e1800 GCTaskThread "GC Thread#0" [stack: 0x000000fc9c300000,0x000000fc9c400000] [id=8016]
  0x000002fa18437000 ConcurrentGCThread "G1 Main Marker" [stack: 0x000000fc9c400000,0x000000fc9c500000] [id=864]
  0x000002fa18439800 ConcurrentGCThread "G1 Conc#0" [stack: 0x000000fc9c500000,0x000000fc9c600000] [id=17320]
  0x000002fa3b485800 ConcurrentGCThread "G1 Refine#0" [stack: 0x000000fc9c600000,0x000000fc9c700000] [id=7648]
  0x000002fa3b486800 ConcurrentGCThread "G1 Young RemSet Sampling" [stack: 0x000000fc9c700000,0x000000fc9c800000] [id=1020]

Threads with active compile tasks:

VM state:not at safepoint (normal execution)

VM Mutex/Monitor currently owned by a thread: None

Heap address: 0x0000000704c00000, size: 4020 MB, Compressed Oops mode: Zero based, Oop shift amount: 3
Narrow klass base: 0x0000000800000000, Narrow klass shift: 0
Compressed class space size: 1073741824 Address: 0x0000000800000000

Heap:
 garbage-first heap   total 258048K, used 2048K [0x0000000704c00000, 0x0000000800000000)
  region size 1024K, 3 young (3072K), 0 survivors (0K)
 Metaspace       used 5606K, capacity 5631K, committed 5888K, reserved 1056768K
  class space    used 458K, capacity 470K, committed 512K, reserved 1048576K
Heap Regions: E=young(eden), S=young(survivor), O=old, HS=humongous(starts), HC=humongous(continues), CS=collection set, F=free, A=archive, TAMS=top-at-mark-start (previous, next)
|   0|0x0000000704c00000, 0x0000000704c00000, 0x0000000704d00000|  0%| F|  |TAMS 0x0000000704c00000, 0x0000000704c00000| Untracked 
|   1|0x0000000704d00000, 0x0000000704d00000, 0x0000000704e00000|  0%| F|  |TAMS 0x0000000704d00000, 0x0000000704d00000| Untracked 
|   2|0x0000000704e00000, 0x0000000704e00000, 0x0000000704f00000|  0%| F|  |TAMS 0x0000000704e00000, 0x0000000704e00000| Untracked 
|   3|0x0000000704f00000, 0x0000000704f00000, 0x0000000705000000|  0%| F|  |TAMS 0x0000000704f00000, 0x0000000704f00000| Untracked 
|   4|0x0000000705000000, 0x0000000705000000, 0x0000000705100000|  0%| F|  |TAMS 0x0000000705000000, 0x0000000705000000| Untracked 
|   5|0x0000000705100000, 0x0000000705100000, 0x0000000705200000|  0%| F|  |TAMS 0x0000000705100000, 0x0000000705100000| Untracked 
|   6|0x0000000705200000, 0x0000000705200000, 0x0000000705300000|  0%| F|  |TAMS 0x0000000705200000, 0x0000000705200000| Untracked 
|   7|0x0000000705300000, 0x0000000705300000, 0x0000000705400000|  0%| F|  |TAMS 0x0000000705300000, 0x0000000705300000| Untracked 
|   8|0x0000000705400000, 0x0000000705400000, 0x0000000705500000|  0%| F|  |TAMS 0x0000000705400000, 0x0000000705400000| Untracked 
|   9|0x0000000705500000, 0x0000000705500000, 0x0000000705600000|  0%| F|  |TAMS 0x0000000705500000, 0x0000000705500000| Untracked 
|  10|0x0000000705600000, 0x0000000705600000, 0x0000000705700000|  0%| F|  |TAMS 0x0000000705600000, 0x0000000705600000| Untracked 
|  11|0x0000000705700000, 0x0000000705700000, 0x0000000705800000|  0%| F|  |TAMS 0x0000000705700000, 0x0000000705700000| Untracked 
|  12|0x0000000705800000, 0x0000000705800000, 0x0000000705900000|  0%| F|  |TAMS 0x0000000705800000, 0x0000000705800000| Untracked 
|  13|0x0000000705900000, 0x0000000705900000, 0x0000000705a00000|  0%| F|  |TAMS 0x0000000705900000, 0x0000000705900000| Untracked 
|  14|0x0000000705a00000, 0x0000000705a00000, 0x0000000705b00000|  0%| F|  |TAMS 0x0000000705a00000, 0x0000000705a00000| Untracked 
|  15|0x0000000705b00000, 0x0000000705b00000, 0x0000000705c00000|  0%| F|  |TAMS 0x0000000705b00000, 0x0000000705b00000| Untracked 
|  16|0x0000000705c00000, 0x0000000705c00000, 0x0000000705d00000|  0%| F|  |TAMS 0x0000000705c00000, 0x0000000705c00000| Untracked 
|  17|0x0000000705d00000, 0x0000000705d00000, 0x0000000705e00000|  0%| F|  |TAMS 0x0000000705d00000, 0x0000000705d00000| Untracked 
|  18|0x0000000705e00000, 0x0000000705e00000, 0x0000000705f00000|  0%| F|  |TAMS 0x0000000705e00000, 0x0000000705e00000| Untracked 
|  19|0x0000000705f00000, 0x0000000705f00000, 0x0000000706000000|  0%| F|  |TAMS 0x0000000705f00000, 0x0000000705f00000| Untracked 
|  20|0x0000000706000000, 0x0000000706000000, 0x0000000706100000|  0%| F|  |TAMS 0x0000000706000000, 0x0000000706000000| Untracked 
|  21|0x0000000706100000, 0x0000000706100000, 0x0000000706200000|  0%| F|  |TAMS 0x0000000706100000, 0x0000000706100000| Untracked 
|  22|0x0000000706200000, 0x0000000706200000, 0x0000000706300000|  0%| F|  |TAMS 0x0000000706200000, 0x0000000706200000| Untracked 
|  23|0x0000000706300000, 0x0000000706300000, 0x0000000706400000|  0%| F|  |TAMS 0x0000000706300000, 0x0000000706300000| Untracked 
|  24|0x0000000706400000, 0x0000000706400000, 0x0000000706500000|  0%| F|  |TAMS 0x0000000706400000, 0x0000000706400000| Untracked 
|  25|0x0000000706500000, 0x0000000706500000, 0x0000000706600000|  0%| F|  |TAMS 0x0000000706500000, 0x0000000706500000| Untracked 
|  26|0x0000000706600000, 0x0000000706600000, 0x0000000706700000|  0%| F|  |TAMS 0x0000000706600000, 0x0000000706600000| Untracked 
|  27|0x0000000706700000, 0x0000000706700000, 0x0000000706800000|  0%| F|  |TAMS 0x0000000706700000, 0x0000000706700000| Untracked 
|  28|0x0000000706800000, 0x0000000706800000, 0x0000000706900000|  0%| F|  |TAMS 0x0000000706800000, 0x0000000706800000| Untracked 
|  29|0x0000000706900000, 0x0000000706900000, 0x0000000706a00000|  0%| F|  |TAMS 0x0000000706900000, 0x0000000706900000| Untracked 
|  30|0x0000000706a00000, 0x0000000706a00000, 0x0000000706b00000|  0%| F|  |TAMS 0x0000000706a00000, 0x0000000706a00000| Untracked 
|  31|0x0000000706b00000, 0x0000000706b00000, 0x0000000706c00000|  0%| F|  |TAMS 0x0000000706b00000, 0x0000000706b00000| Untracked 
|  32|0x0000000706c00000, 0x0000000706c00000, 0x0000000706d00000|  0%| F|  |TAMS 0x0000000706c00000, 0x0000000706c00000| Untracked 
|  33|0x0000000706d00000, 0x0000000706d00000, 0x0000000706e00000|  0%| F|  |TAMS 0x0000000706d00000, 0x0000000706d00000| Untracked 
|  34|0x0000000706e00000, 0x0000000706e00000, 0x0000000706f00000|  0%| F|  |TAMS 0x0000000706e00000, 0x0000000706e00000| Untracked 
|  35|0x0000000706f00000, 0x0000000706f00000, 0x0000000707000000|  0%| F|  |TAMS 0x0000000706f00000, 0x0000000706f00000| Untracked 
|  36|0x0000000707000000, 0x0000000707000000, 0x0000000707100000|  0%| F|  |TAMS 0x0000000707000000, 0x0000000707000000| Untracked 
|  37|0x0000000707100000, 0x0000000707100000, 0x0000000707200000|  0%| F|  |TAMS 0x0000000707100000, 0x0000000707100000| Untracked 
|  38|0x0000000707200000, 0x0000000707200000, 0x0000000707300000|  0%| F|  |TAMS 0x0000000707200000, 0x0000000707200000| Untracked 
|  39|0x0000000707300000, 0x0000000707300000, 0x0000000707400000|  0%| F|  |TAMS 0x0000000707300000, 0x0000000707300000| Untracked 
|  40|0x0000000707400000, 0x0000000707400000, 0x0000000707500000|  0%| F|  |TAMS 0x0000000707400000, 0x0000000707400000| Untracked 
|  41|0x0000000707500000, 0x0000000707500000, 0x0000000707600000|  0%| F|  |TAMS 0x0000000707500000, 0x0000000707500000| Untracked 
|  42|0x0000000707600000, 0x0000000707600000, 0x0000000707700000|  0%| F|  |TAMS 0x0000000707600000, 0x0000000707600000| Untracked 
|  43|0x0000000707700000, 0x0000000707700000, 0x0000000707800000|  0%| F|  |TAMS 0x0000000707700000, 0x0000000707700000| Untracked 
|  44|0x0000000707800000, 0x0000000707800000, 0x0000000707900000|  0%| F|  |TAMS 0x0000000707800000, 0x0000000707800000| Untracked 
|  45|0x0000000707900000, 0x0000000707900000, 0x0000000707a00000|  0%| F|  |TAMS 0x0000000707900000, 0x0000000707900000| Untracked 
|  46|0x0000000707a00000, 0x0000000707a00000, 0x0000000707b00000|  0%| F|  |TAMS 0x0000000707a00000, 0x0000000707a00000| Untracked 
|  47|0x0000000707b00000, 0x0000000707b00000, 0x0000000707c00000|  0%| F|  |TAMS 0x0000000707b00000, 0x0000000707b00000| Untracked 
|  48|0x0000000707c00000, 0x0000000707c00000, 0x0000000707d00000|  0%| F|  |TAMS 0x0000000707c00000, 0x0000000707c00000| Untracked 
|  49|0x0000000707d00000, 0x0000000707d00000, 0x0000000707e00000|  0%| F|  |TAMS 0x0000000707d00000, 0x0000000707d00000| Untracked 
|  50|0x0000000707e00000, 0x0000000707e00000, 0x0000000707f00000|  0%| F|  |TAMS 0x0000000707e00000, 0x0000000707e00000| Untracked 
|  51|0x0000000707f00000, 0x0000000707f00000, 0x0000000708000000|  0%| F|  |TAMS 0x0000000707f00000, 0x0000000707f00000| Untracked 
|  52|0x0000000708000000, 0x0000000708000000, 0x0000000708100000|  0%| F|  |TAMS 0x0000000708000000, 0x0000000708000000| Untracked 
|  53|0x0000000708100000, 0x0000000708100000, 0x0000000708200000|  0%| F|  |TAMS 0x0000000708100000, 0x0000000708100000| Untracked 
|  54|0x0000000708200000, 0x0000000708200000, 0x0000000708300000|  0%| F|  |TAMS 0x0000000708200000, 0x0000000708200000| Untracked 
|  55|0x0000000708300000, 0x0000000708300000, 0x0000000708400000|  0%| F|  |TAMS 0x0000000708300000, 0x0000000708300000| Untracked 
|  56|0x0000000708400000, 0x0000000708400000, 0x0000000708500000|  0%| F|  |TAMS 0x0000000708400000, 0x0000000708400000| Untracked 
|  57|0x0000000708500000, 0x0000000708500000, 0x0000000708600000|  0%| F|  |TAMS 0x0000000708500000, 0x0000000708500000| Untracked 
|  58|0x0000000708600000, 0x0000000708600000, 0x0000000708700000|  0%| F|  |TAMS 0x0000000708600000, 0x0000000708600000| Untracked 
|  59|0x0000000708700000, 0x0000000708700000, 0x0000000708800000|  0%| F|  |TAMS 0x0000000708700000, 0x0000000708700000| Untracked 
|  60|0x0000000708800000, 0x0000000708800000, 0x0000000708900000|  0%| F|  |TAMS 0x0000000708800000, 0x0000000708800000| Untracked 
|  61|0x0000000708900000, 0x0000000708900000, 0x0000000708a00000|  0%| F|  |TAMS 0x0000000708900000, 0x0000000708900000| Untracked 
|  62|0x0000000708a00000, 0x0000000708a00000, 0x0000000708b00000|  0%| F|  |TAMS 0x0000000708a00000, 0x0000000708a00000| Untracked 
|  63|0x0000000708b00000, 0x0000000708b00000, 0x0000000708c00000|  0%| F|  |TAMS 0x0000000708b00000, 0x0000000708b00000| Untracked 
|  64|0x0000000708c00000, 0x0000000708c00000, 0x0000000708d00000|  0%| F|  |TAMS 0x0000000708c00000, 0x0000000708c00000| Untracked 
|  65|0x0000000708d00000, 0x0000000708d00000, 0x0000000708e00000|  0%| F|  |TAMS 0x0000000708d00000, 0x0000000708d00000| Untracked 
|  66|0x0000000708e00000, 0x0000000708e00000, 0x0000000708f00000|  0%| F|  |TAMS 0x0000000708e00000, 0x0000000708e00000| Untracked 
|  67|0x0000000708f00000, 0x0000000708f00000, 0x0000000709000000|  0%| F|  |TAMS 0x0000000708f00000, 0x0000000708f00000| Untracked 
|  68|0x0000000709000000, 0x0000000709000000, 0x0000000709100000|  0%| F|  |TAMS 0x0000000709000000, 0x0000000709000000| Untracked 
|  69|0x0000000709100000, 0x0000000709100000, 0x0000000709200000|  0%| F|  |TAMS 0x0000000709100000, 0x0000000709100000| Untracked 
|  70|0x0000000709200000, 0x0000000709200000, 0x0000000709300000|  0%| F|  |TAMS 0x0000000709200000, 0x0000000709200000| Untracked 
|  71|0x0000000709300000, 0x0000000709300000, 0x0000000709400000|  0%| F|  |TAMS 0x0000000709300000, 0x0000000709300000| Untracked 
|  72|0x0000000709400000, 0x0000000709400000, 0x0000000709500000|  0%| F|  |TAMS 0x0000000709400000, 0x0000000709400000| Untracked 
|  73|0x0000000709500000, 0x0000000709500000, 0x0000000709600000|  0%| F|  |TAMS 0x0000000709500000, 0x0000000709500000| Untracked 
|  74|0x0000000709600000, 0x0000000709600000, 0x0000000709700000|  0%| F|  |TAMS 0x0000000709600000, 0x0000000709600000| Untracked 
|  75|0x0000000709700000, 0x0000000709700000, 0x0000000709800000|  0%| F|  |TAMS 0x0000000709700000, 0x0000000709700000| Untracked 
|  76|0x0000000709800000, 0x0000000709800000, 0x0000000709900000|  0%| F|  |TAMS 0x0000000709800000, 0x0000000709800000| Untracked 
|  77|0x0000000709900000, 0x0000000709900000, 0x0000000709a00000|  0%| F|  |TAMS 0x0000000709900000, 0x0000000709900000| Untracked 
|  78|0x0000000709a00000, 0x0000000709a00000, 0x0000000709b00000|  0%| F|  |TAMS 0x0000000709a00000, 0x0000000709a00000| Untracked 
|  79|0x0000000709b00000, 0x0000000709b00000, 0x0000000709c00000|  0%| F|  |TAMS 0x0000000709b00000, 0x0000000709b00000| Untracked 
|  80|0x0000000709c00000, 0x0000000709c00000, 0x0000000709d00000|  0%| F|  |TAMS 0x0000000709c00000, 0x0000000709c00000| Untracked 
|  81|0x0000000709d00000, 0x0000000709d00000, 0x0000000709e00000|  0%| F|  |TAMS 0x0000000709d00000, 0x0000000709d00000| Untracked 
|  82|0x0000000709e00000, 0x0000000709e00000, 0x0000000709f00000|  0%| F|  |TAMS 0x0000000709e00000, 0x0000000709e00000| Untracked 
|  83|0x0000000709f00000, 0x0000000709f00000, 0x000000070a000000|  0%| F|  |TAMS 0x0000000709f00000, 0x0000000709f00000| Untracked 
|  84|0x000000070a000000, 0x000000070a000000, 0x000000070a100000|  0%| F|  |TAMS 0x000000070a000000, 0x000000070a000000| Untracked 
|  85|0x000000070a100000, 0x000000070a100000, 0x000000070a200000|  0%| F|  |TAMS 0x000000070a100000, 0x000000070a100000| Untracked 
|  86|0x000000070a200000, 0x000000070a200000, 0x000000070a300000|  0%| F|  |TAMS 0x000000070a200000, 0x000000070a200000| Untracked 
|  87|0x000000070a300000, 0x000000070a300000, 0x000000070a400000|  0%| F|  |TAMS 0x000000070a300000, 0x000000070a300000| Untracked 
|  88|0x000000070a400000, 0x000000070a400000, 0x000000070a500000|  0%| F|  |TAMS 0x000000070a400000, 0x000000070a400000| Untracked 
|  89|0x000000070a500000, 0x000000070a500000, 0x000000070a600000|  0%| F|  |TAMS 0x000000070a500000, 0x000000070a500000| Untracked 
|  90|0x000000070a600000, 0x000000070a600000, 0x000000070a700000|  0%| F|  |TAMS 0x000000070a600000, 0x000000070a600000| Untracked 
|  91|0x000000070a700000, 0x000000070a700000, 0x000000070a800000|  0%| F|  |TAMS 0x000000070a700000, 0x000000070a700000| Untracked 
|  92|0x000000070a800000, 0x000000070a800000, 0x000000070a900000|  0%| F|  |TAMS 0x000000070a800000, 0x000000070a800000| Untracked 
|  93|0x000000070a900000, 0x000000070a900000, 0x000000070aa00000|  0%| F|  |TAMS 0x000000070a900000, 0x000000070a900000| Untracked 
|  94|0x000000070aa00000, 0x000000070aa00000, 0x000000070ab00000|  0%| F|  |TAMS 0x000000070aa00000, 0x000000070aa00000| Untracked 
|  95|0x000000070ab00000, 0x000000070ab00000, 0x000000070ac00000|  0%| F|  |TAMS 0x000000070ab00000, 0x000000070ab00000| Untracked 
|  96|0x000000070ac00000, 0x000000070ac00000, 0x000000070ad00000|  0%| F|  |TAMS 0x000000070ac00000, 0x000000070ac00000| Untracked 
|  97|0x000000070ad00000, 0x000000070ad00000, 0x000000070ae00000|  0%| F|  |TAMS 0x000000070ad00000, 0x000000070ad00000| Untracked 
|  98|0x000000070ae00000, 0x000000070ae00000, 0x000000070af00000|  0%| F|  |TAMS 0x000000070ae00000, 0x000000070ae00000| Untracked 
|  99|0x000000070af00000, 0x000000070af00000, 0x000000070b000000|  0%| F|  |TAMS 0x000000070af00000, 0x000000070af00000| Untracked 
| 100|0x000000070b000000, 0x000000070b000000, 0x000000070b100000|  0%| F|  |TAMS 0x000000070b000000, 0x000000070b000000| Untracked 
| 101|0x000000070b100000, 0x000000070b100000, 0x000000070b200000|  0%| F|  |TAMS 0x000000070b100000, 0x000000070b100000| Untracked 
| 102|0x000000070b200000, 0x000000070b200000, 0x000000070b300000|  0%| F|  |TAMS 0x000000070b200000, 0x000000070b200000| Untracked 
| 103|0x000000070b300000, 0x000000070b300000, 0x000000070b400000|  0%| F|  |TAMS 0x000000070b300000, 0x000000070b300000| Untracked 
| 104|0x000000070b400000, 0x000000070b400000, 0x000000070b500000|  0%| F|  |TAMS 0x000000070b400000, 0x000000070b400000| Untracked 
| 105|0x000000070b500000, 0x000000070b500000, 0x000000070b600000|  0%| F|  |TAMS 0x000000070b500000, 0x000000070b500000| Untracked 
| 106|0x000000070b600000, 0x000000070b600000, 0x000000070b700000|  0%| F|  |TAMS 0x000000070b600000, 0x000000070b600000| Untracked 
| 107|0x000000070b700000, 0x000000070b700000, 0x000000070b800000|  0%| F|  |TAMS 0x000000070b700000, 0x000000070b700000| Untracked 
| 108|0x000000070b800000, 0x000000070b800000, 0x000000070b900000|  0%| F|  |TAMS 0x000000070b800000, 0x000000070b800000| Untracked 
| 109|0x000000070b900000, 0x000000070b900000, 0x000000070ba00000|  0%| F|  |TAMS 0x000000070b900000, 0x000000070b900000| Untracked 
| 110|0x000000070ba00000, 0x000000070ba00000, 0x000000070bb00000|  0%| F|  |TAMS 0x000000070ba00000, 0x000000070ba00000| Untracked 
| 111|0x000000070bb00000, 0x000000070bb00000, 0x000000070bc00000|  0%| F|  |TAMS 0x000000070bb00000, 0x000000070bb00000| Untracked 
| 112|0x000000070bc00000, 0x000000070bc00000, 0x000000070bd00000|  0%| F|  |TAMS 0x000000070bc00000, 0x000000070bc00000| Untracked 
| 113|0x000000070bd00000, 0x000000070bd00000, 0x000000070be00000|  0%| F|  |TAMS 0x000000070bd00000, 0x000000070bd00000| Untracked 
| 114|0x000000070be00000, 0x000000070be00000, 0x000000070bf00000|  0%| F|  |TAMS 0x000000070be00000, 0x000000070be00000| Untracked 
| 115|0x000000070bf00000, 0x000000070bf00000, 0x000000070c000000|  0%| F|  |TAMS 0x000000070bf00000, 0x000000070bf00000| Untracked 
| 116|0x000000070c000000, 0x000000070c000000, 0x000000070c100000|  0%| F|  |TAMS 0x000000070c000000, 0x000000070c000000| Untracked 
| 117|0x000000070c100000, 0x000000070c100000, 0x000000070c200000|  0%| F|  |TAMS 0x000000070c100000, 0x000000070c100000| Untracked 
| 118|0x000000070c200000, 0x000000070c200000, 0x000000070c300000|  0%| F|  |TAMS 0x000000070c200000, 0x000000070c200000| Untracked 
| 119|0x000000070c300000, 0x000000070c300000, 0x000000070c400000|  0%| F|  |TAMS 0x000000070c300000, 0x000000070c300000| Untracked 
| 120|0x000000070c400000, 0x000000070c400000, 0x000000070c500000|  0%| F|  |TAMS 0x000000070c400000, 0x000000070c400000| Untracked 
| 121|0x000000070c500000, 0x000000070c500000, 0x000000070c600000|  0%| F|  |TAMS 0x000000070c500000, 0x000000070c500000| Untracked 
| 122|0x000000070c600000, 0x000000070c600000, 0x000000070c700000|  0%| F|  |TAMS 0x000000070c600000, 0x000000070c600000| Untracked 
| 123|0x000000070c700000, 0x000000070c700000, 0x000000070c800000|  0%| F|  |TAMS 0x000000070c700000, 0x000000070c700000| Untracked 
| 124|0x000000070c800000, 0x000000070c800000, 0x000000070c900000|  0%| F|  |TAMS 0x000000070c800000, 0x000000070c800000| Untracked 
| 125|0x000000070c900000, 0x000000070c900000, 0x000000070ca00000|  0%| F|  |TAMS 0x000000070c900000, 0x000000070c900000| Untracked 
| 126|0x000000070ca00000, 0x000000070ca00000, 0x000000070cb00000|  0%| F|  |TAMS 0x000000070ca00000, 0x000000070ca00000| Untracked 
| 127|0x000000070cb00000, 0x000000070cb00000, 0x000000070cc00000|  0%| F|  |TAMS 0x000000070cb00000, 0x000000070cb00000| Untracked 
| 128|0x000000070cc00000, 0x000000070cc00000, 0x000000070cd00000|  0%| F|  |TAMS 0x000000070cc00000, 0x000000070cc00000| Untracked 
| 129|0x000000070cd00000, 0x000000070cd00000, 0x000000070ce00000|  0%| F|  |TAMS 0x000000070cd00000, 0x000000070cd00000| Untracked 
| 130|0x000000070ce00000, 0x000000070ce00000, 0x000000070cf00000|  0%| F|  |TAMS 0x000000070ce00000, 0x000000070ce00000| Untracked 
| 131|0x000000070cf00000, 0x000000070cf00000, 0x000000070d000000|  0%| F|  |TAMS 0x000000070cf00000, 0x000000070cf00000| Untracked 
| 132|0x000000070d000000, 0x000000070d000000, 0x000000070d100000|  0%| F|  |TAMS 0x000000070d000000, 0x000000070d000000| Untracked 
| 133|0x000000070d100000, 0x000000070d100000, 0x000000070d200000|  0%| F|  |TAMS 0x000000070d100000, 0x000000070d100000| Untracked 
| 134|0x000000070d200000, 0x000000070d200000, 0x000000070d300000|  0%| F|  |TAMS 0x000000070d200000, 0x000000070d200000| Untracked 
| 135|0x000000070d300000, 0x000000070d300000, 0x000000070d400000|  0%| F|  |TAMS 0x000000070d300000, 0x000000070d300000| Untracked 
| 136|0x000000070d400000, 0x000000070d400000, 0x000000070d500000|  0%| F|  |TAMS 0x000000070d400000, 0x000000070d400000| Untracked 
| 137|0x000000070d500000, 0x000000070d500000, 0x000000070d600000|  0%| F|  |TAMS 0x000000070d500000, 0x000000070d500000| Untracked 
| 138|0x000000070d600000, 0x000000070d600000, 0x000000070d700000|  0%| F|  |TAMS 0x000000070d600000, 0x000000070d600000| Untracked 
| 139|0x000000070d700000, 0x000000070d700000, 0x000000070d800000|  0%| F|  |TAMS 0x000000070d700000, 0x000000070d700000| Untracked 
| 140|0x000000070d800000, 0x000000070d800000, 0x000000070d900000|  0%| F|  |TAMS 0x000000070d800000, 0x000000070d800000| Untracked 
| 141|0x000000070d900000, 0x000000070d900000, 0x000000070da00000|  0%| F|  |TAMS 0x000000070d900000, 0x000000070d900000| Untracked 
| 142|0x000000070da00000, 0x000000070da00000, 0x000000070db00000|  0%| F|  |TAMS 0x000000070da00000, 0x000000070da00000| Untracked 
| 143|0x000000070db00000, 0x000000070db00000, 0x000000070dc00000|  0%| F|  |TAMS 0x000000070db00000, 0x000000070db00000| Untracked 
| 144|0x000000070dc00000, 0x000000070dc00000, 0x000000070dd00000|  0%| F|  |TAMS 0x000000070dc00000, 0x000000070dc00000| Untracked 
| 145|0x000000070dd00000, 0x000000070dd00000, 0x000000070de00000|  0%| F|  |TAMS 0x000000070dd00000, 0x000000070dd00000| Untracked 
| 146|0x000000070de00000, 0x000000070de00000, 0x000000070df00000|  0%| F|  |TAMS 0x000000070de00000, 0x000000070de00000| Untracked 
| 147|0x000000070df00000, 0x000000070df00000, 0x000000070e000000|  0%| F|  |TAMS 0x000000070df00000, 0x000000070df00000| Untracked 
| 148|0x000000070e000000, 0x000000070e000000, 0x000000070e100000|  0%| F|  |TAMS 0x000000070e000000, 0x000000070e000000| Untracked 
| 149|0x000000070e100000, 0x000000070e100000, 0x000000070e200000|  0%| F|  |TAMS 0x000000070e100000, 0x000000070e100000| Untracked 
| 150|0x000000070e200000, 0x000000070e200000, 0x000000070e300000|  0%| F|  |TAMS 0x000000070e200000, 0x000000070e200000| Untracked 
| 151|0x000000070e300000, 0x000000070e300000, 0x000000070e400000|  0%| F|  |TAMS 0x000000070e300000, 0x000000070e300000| Untracked 
| 152|0x000000070e400000, 0x000000070e400000, 0x000000070e500000|  0%| F|  |TAMS 0x000000070e400000, 0x000000070e400000| Untracked 
| 153|0x000000070e500000, 0x000000070e500000, 0x000000070e600000|  0%| F|  |TAMS 0x000000070e500000, 0x000000070e500000| Untracked 
| 154|0x000000070e600000, 0x000000070e600000, 0x000000070e700000|  0%| F|  |TAMS 0x000000070e600000, 0x000000070e600000| Untracked 
| 155|0x000000070e700000, 0x000000070e700000, 0x000000070e800000|  0%| F|  |TAMS 0x000000070e700000, 0x000000070e700000| Untracked 
| 156|0x000000070e800000, 0x000000070e800000, 0x000000070e900000|  0%| F|  |TAMS 0x000000070e800000, 0x000000070e800000| Untracked 
| 157|0x000000070e900000, 0x000000070e900000, 0x000000070ea00000|  0%| F|  |TAMS 0x000000070e900000, 0x000000070e900000| Untracked 
| 158|0x000000070ea00000, 0x000000070ea00000, 0x000000070eb00000|  0%| F|  |TAMS 0x000000070ea00000, 0x000000070ea00000| Untracked 
| 159|0x000000070eb00000, 0x000000070eb00000, 0x000000070ec00000|  0%| F|  |TAMS 0x000000070eb00000, 0x000000070eb00000| Untracked 
| 160|0x000000070ec00000, 0x000000070ec00000, 0x000000070ed00000|  0%| F|  |TAMS 0x000000070ec00000, 0x000000070ec00000| Untracked 
| 161|0x000000070ed00000, 0x000000070ed00000, 0x000000070ee00000|  0%| F|  |TAMS 0x000000070ed00000, 0x000000070ed00000| Untracked 
| 162|0x000000070ee00000, 0x000000070ee00000, 0x000000070ef00000|  0%| F|  |TAMS 0x000000070ee00000, 0x000000070ee00000| Untracked 
| 163|0x000000070ef00000, 0x000000070ef00000, 0x000000070f000000|  0%| F|  |TAMS 0x000000070ef00000, 0x000000070ef00000| Untracked 
| 164|0x000000070f000000, 0x000000070f000000, 0x000000070f100000|  0%| F|  |TAMS 0x000000070f000000, 0x000000070f000000| Untracked 
| 165|0x000000070f100000, 0x000000070f100000, 0x000000070f200000|  0%| F|  |TAMS 0x000000070f100000, 0x000000070f100000| Untracked 
| 166|0x000000070f200000, 0x000000070f200000, 0x000000070f300000|  0%| F|  |TAMS 0x000000070f200000, 0x000000070f200000| Untracked 
| 167|0x000000070f300000, 0x000000070f300000, 0x000000070f400000|  0%| F|  |TAMS 0x000000070f300000, 0x000000070f300000| Untracked 
| 168|0x000000070f400000, 0x000000070f400000, 0x000000070f500000|  0%| F|  |TAMS 0x000000070f400000, 0x000000070f400000| Untracked 
| 169|0x000000070f500000, 0x000000070f500000, 0x000000070f600000|  0%| F|  |TAMS 0x000000070f500000, 0x000000070f500000| Untracked 
| 170|0x000000070f600000, 0x000000070f600000, 0x000000070f700000|  0%| F|  |TAMS 0x000000070f600000, 0x000000070f600000| Untracked 
| 171|0x000000070f700000, 0x000000070f700000, 0x000000070f800000|  0%| F|  |TAMS 0x000000070f700000, 0x000000070f700000| Untracked 
| 172|0x000000070f800000, 0x000000070f800000, 0x000000070f900000|  0%| F|  |TAMS 0x000000070f800000, 0x000000070f800000| Untracked 
| 173|0x000000070f900000, 0x000000070f900000, 0x000000070fa00000|  0%| F|  |TAMS 0x000000070f900000, 0x000000070f900000| Untracked 
| 174|0x000000070fa00000, 0x000000070fa00000, 0x000000070fb00000|  0%| F|  |TAMS 0x000000070fa00000, 0x000000070fa00000| Untracked 
| 175|0x000000070fb00000, 0x000000070fb00000, 0x000000070fc00000|  0%| F|  |TAMS 0x000000070fb00000, 0x000000070fb00000| Untracked 
| 176|0x000000070fc00000, 0x000000070fc00000, 0x000000070fd00000|  0%| F|  |TAMS 0x000000070fc00000, 0x000000070fc00000| Untracked 
| 177|0x000000070fd00000, 0x000000070fd00000, 0x000000070fe00000|  0%| F|  |TAMS 0x000000070fd00000, 0x000000070fd00000| Untracked 
| 178|0x000000070fe00000, 0x000000070fe00000, 0x000000070ff00000|  0%| F|  |TAMS 0x000000070fe00000, 0x000000070fe00000| Untracked 
| 179|0x000000070ff00000, 0x000000070ff00000, 0x0000000710000000|  0%| F|  |TAMS 0x000000070ff00000, 0x000000070ff00000| Untracked 
| 180|0x0000000710000000, 0x0000000710000000, 0x0000000710100000|  0%| F|  |TAMS 0x0000000710000000, 0x0000000710000000| Untracked 
| 181|0x0000000710100000, 0x0000000710100000, 0x0000000710200000|  0%| F|  |TAMS 0x0000000710100000, 0x0000000710100000| Untracked 
| 182|0x0000000710200000, 0x0000000710200000, 0x0000000710300000|  0%| F|  |TAMS 0x0000000710200000, 0x0000000710200000| Untracked 
| 183|0x0000000710300000, 0x0000000710300000, 0x0000000710400000|  0%| F|  |TAMS 0x0000000710300000, 0x0000000710300000| Untracked 
| 184|0x0000000710400000, 0x0000000710400000, 0x0000000710500000|  0%| F|  |TAMS 0x0000000710400000, 0x0000000710400000| Untracked 
| 185|0x0000000710500000, 0x0000000710500000, 0x0000000710600000|  0%| F|  |TAMS 0x0000000710500000, 0x0000000710500000| Untracked 
| 186|0x0000000710600000, 0x0000000710600000, 0x0000000710700000|  0%| F|  |TAMS 0x0000000710600000, 0x0000000710600000| Untracked 
| 187|0x0000000710700000, 0x0000000710700000, 0x0000000710800000|  0%| F|  |TAMS 0x0000000710700000, 0x0000000710700000| Untracked 
| 188|0x0000000710800000, 0x0000000710800000, 0x0000000710900000|  0%| F|  |TAMS 0x0000000710800000, 0x0000000710800000| Untracked 
| 189|0x0000000710900000, 0x0000000710900000, 0x0000000710a00000|  0%| F|  |TAMS 0x0000000710900000, 0x0000000710900000| Untracked 
| 190|0x0000000710a00000, 0x0000000710a00000, 0x0000000710b00000|  0%| F|  |TAMS 0x0000000710a00000, 0x0000000710a00000| Untracked 
| 191|0x0000000710b00000, 0x0000000710b00000, 0x0000000710c00000|  0%| F|  |TAMS 0x0000000710b00000, 0x0000000710b00000| Untracked 
| 192|0x0000000710c00000, 0x0000000710c00000, 0x0000000710d00000|  0%| F|  |TAMS 0x0000000710c00000, 0x0000000710c00000| Untracked 
| 193|0x0000000710d00000, 0x0000000710d00000, 0x0000000710e00000|  0%| F|  |TAMS 0x0000000710d00000, 0x0000000710d00000| Untracked 
| 194|0x0000000710e00000, 0x0000000710e00000, 0x0000000710f00000|  0%| F|  |TAMS 0x0000000710e00000, 0x0000000710e00000| Untracked 
| 195|0x0000000710f00000, 0x0000000710f00000, 0x0000000711000000|  0%| F|  |TAMS 0x0000000710f00000, 0x0000000710f00000| Untracked 
| 196|0x0000000711000000, 0x0000000711000000, 0x0000000711100000|  0%| F|  |TAMS 0x0000000711000000, 0x0000000711000000| Untracked 
| 197|0x0000000711100000, 0x0000000711100000, 0x0000000711200000|  0%| F|  |TAMS 0x0000000711100000, 0x0000000711100000| Untracked 
| 198|0x0000000711200000, 0x0000000711200000, 0x0000000711300000|  0%| F|  |TAMS 0x0000000711200000, 0x0000000711200000| Untracked 
| 199|0x0000000711300000, 0x0000000711300000, 0x0000000711400000|  0%| F|  |TAMS 0x0000000711300000, 0x0000000711300000| Untracked 
| 200|0x0000000711400000, 0x0000000711400000, 0x0000000711500000|  0%| F|  |TAMS 0x0000000711400000, 0x0000000711400000| Untracked 
| 201|0x0000000711500000, 0x0000000711500000, 0x0000000711600000|  0%| F|  |TAMS 0x0000000711500000, 0x0000000711500000| Untracked 
| 202|0x0000000711600000, 0x0000000711600000, 0x0000000711700000|  0%| F|  |TAMS 0x0000000711600000, 0x0000000711600000| Untracked 
| 203|0x0000000711700000, 0x0000000711700000, 0x0000000711800000|  0%| F|  |TAMS 0x0000000711700000, 0x0000000711700000| Untracked 
| 204|0x0000000711800000, 0x0000000711800000, 0x0000000711900000|  0%| F|  |TAMS 0x0000000711800000, 0x0000000711800000| Untracked 
| 205|0x0000000711900000, 0x0000000711900000, 0x0000000711a00000|  0%| F|  |TAMS 0x0000000711900000, 0x0000000711900000| Untracked 
| 206|0x0000000711a00000, 0x0000000711a00000, 0x0000000711b00000|  0%| F|  |TAMS 0x0000000711a00000, 0x0000000711a00000| Untracked 
| 207|0x0000000711b00000, 0x0000000711b00000, 0x0000000711c00000|  0%| F|  |TAMS 0x0000000711b00000, 0x0000000711b00000| Untracked 
| 208|0x0000000711c00000, 0x0000000711c00000, 0x0000000711d00000|  0%| F|  |TAMS 0x0000000711c00000, 0x0000000711c00000| Untracked 
| 209|0x0000000711d00000, 0x0000000711d00000, 0x0000000711e00000|  0%| F|  |TAMS 0x0000000711d00000, 0x0000000711d00000| Untracked 
| 210|0x0000000711e00000, 0x0000000711e00000, 0x0000000711f00000|  0%| F|  |TAMS 0x0000000711e00000, 0x0000000711e00000| Untracked 
| 211|0x0000000711f00000, 0x0000000711f00000, 0x0000000712000000|  0%| F|  |TAMS 0x0000000711f00000, 0x0000000711f00000| Untracked 
| 212|0x0000000712000000, 0x0000000712000000, 0x0000000712100000|  0%| F|  |TAMS 0x0000000712000000, 0x0000000712000000| Untracked 
| 213|0x0000000712100000, 0x0000000712100000, 0x0000000712200000|  0%| F|  |TAMS 0x0000000712100000, 0x0000000712100000| Untracked 
| 214|0x0000000712200000, 0x0000000712200000, 0x0000000712300000|  0%| F|  |TAMS 0x0000000712200000, 0x0000000712200000| Untracked 
| 215|0x0000000712300000, 0x0000000712300000, 0x0000000712400000|  0%| F|  |TAMS 0x0000000712300000, 0x0000000712300000| Untracked 
| 216|0x0000000712400000, 0x0000000712400000, 0x0000000712500000|  0%| F|  |TAMS 0x0000000712400000, 0x0000000712400000| Untracked 
| 217|0x0000000712500000, 0x0000000712500000, 0x0000000712600000|  0%| F|  |TAMS 0x0000000712500000, 0x0000000712500000| Untracked 
| 218|0x0000000712600000, 0x0000000712600000, 0x0000000712700000|  0%| F|  |TAMS 0x0000000712600000, 0x0000000712600000| Untracked 
| 219|0x0000000712700000, 0x0000000712700000, 0x0000000712800000|  0%| F|  |TAMS 0x0000000712700000, 0x0000000712700000| Untracked 
| 220|0x0000000712800000, 0x0000000712800000, 0x0000000712900000|  0%| F|  |TAMS 0x0000000712800000, 0x0000000712800000| Untracked 
| 221|0x0000000712900000, 0x0000000712900000, 0x0000000712a00000|  0%| F|  |TAMS 0x0000000712900000, 0x0000000712900000| Untracked 
| 222|0x0000000712a00000, 0x0000000712a00000, 0x0000000712b00000|  0%| F|  |TAMS 0x0000000712a00000, 0x0000000712a00000| Untracked 
| 223|0x0000000712b00000, 0x0000000712b00000, 0x0000000712c00000|  0%| F|  |TAMS 0x0000000712b00000, 0x0000000712b00000| Untracked 
| 224|0x0000000712c00000, 0x0000000712c00000, 0x0000000712d00000|  0%| F|  |TAMS 0x0000000712c00000, 0x0000000712c00000| Untracked 
| 225|0x0000000712d00000, 0x0000000712d00000, 0x0000000712e00000|  0%| F|  |TAMS 0x0000000712d00000, 0x0000000712d00000| Untracked 
| 226|0x0000000712e00000, 0x0000000712e00000, 0x0000000712f00000|  0%| F|  |TAMS 0x0000000712e00000, 0x0000000712e00000| Untracked 
| 227|0x0000000712f00000, 0x0000000712f00000, 0x0000000713000000|  0%| F|  |TAMS 0x0000000712f00000, 0x0000000712f00000| Untracked 
| 228|0x0000000713000000, 0x0000000713000000, 0x0000000713100000|  0%| F|  |TAMS 0x0000000713000000, 0x0000000713000000| Untracked 
| 229|0x0000000713100000, 0x0000000713100000, 0x0000000713200000|  0%| F|  |TAMS 0x0000000713100000, 0x0000000713100000| Untracked 
| 230|0x0000000713200000, 0x0000000713200000, 0x0000000713300000|  0%| F|  |TAMS 0x0000000713200000, 0x0000000713200000| Untracked 
| 231|0x0000000713300000, 0x0000000713300000, 0x0000000713400000|  0%| F|  |TAMS 0x0000000713300000, 0x0000000713300000| Untracked 
| 232|0x0000000713400000, 0x0000000713400000, 0x0000000713500000|  0%| F|  |TAMS 0x0000000713400000, 0x0000000713400000| Untracked 
| 233|0x0000000713500000, 0x0000000713500000, 0x0000000713600000|  0%| F|  |TAMS 0x0000000713500000, 0x0000000713500000| Untracked 
| 234|0x0000000713600000, 0x0000000713600000, 0x0000000713700000|  0%| F|  |TAMS 0x0000000713600000, 0x0000000713600000| Untracked 
| 235|0x0000000713700000, 0x0000000713700000, 0x0000000713800000|  0%| F|  |TAMS 0x0000000713700000, 0x0000000713700000| Untracked 
| 236|0x0000000713800000, 0x0000000713800000, 0x0000000713900000|  0%| F|  |TAMS 0x0000000713800000, 0x0000000713800000| Untracked 
| 237|0x0000000713900000, 0x0000000713900000, 0x0000000713a00000|  0%| F|  |TAMS 0x0000000713900000, 0x0000000713900000| Untracked 
| 238|0x0000000713a00000, 0x0000000713a00000, 0x0000000713b00000|  0%| F|  |TAMS 0x0000000713a00000, 0x0000000713a00000| Untracked 
| 239|0x0000000713b00000, 0x0000000713b00000, 0x0000000713c00000|  0%| F|  |TAMS 0x0000000713b00000, 0x0000000713b00000| Untracked 
| 240|0x0000000713c00000, 0x0000000713c00000, 0x0000000713d00000|  0%| F|  |TAMS 0x0000000713c00000, 0x0000000713c00000| Untracked 
| 241|0x0000000713d00000, 0x0000000713d00000, 0x0000000713e00000|  0%| F|  |TAMS 0x0000000713d00000, 0x0000000713d00000| Untracked 
| 242|0x0000000713e00000, 0x0000000713e00000, 0x0000000713f00000|  0%| F|  |TAMS 0x0000000713e00000, 0x0000000713e00000| Untracked 
| 243|0x0000000713f00000, 0x0000000713f00000, 0x0000000714000000|  0%| F|  |TAMS 0x0000000713f00000, 0x0000000713f00000| Untracked 
| 244|0x0000000714000000, 0x0000000714000000, 0x0000000714100000|  0%| F|  |TAMS 0x0000000714000000, 0x0000000714000000| Untracked 
| 245|0x0000000714100000, 0x0000000714100000, 0x0000000714200000|  0%| F|  |TAMS 0x0000000714100000, 0x0000000714100000| Untracked 
| 246|0x0000000714200000, 0x0000000714200000, 0x0000000714300000|  0%| F|  |TAMS 0x0000000714200000, 0x0000000714200000| Untracked 
| 247|0x0000000714300000, 0x0000000714300000, 0x0000000714400000|  0%| F|  |TAMS 0x0000000714300000, 0x0000000714300000| Untracked 
| 248|0x0000000714400000, 0x0000000714400000, 0x0000000714500000|  0%| F|  |TAMS 0x0000000714400000, 0x0000000714400000| Untracked 
| 249|0x0000000714500000, 0x00000007145db758, 0x0000000714600000| 85%| E|  |TAMS 0x0000000714500000, 0x0000000714500000| Complete 
| 250|0x0000000714600000, 0x0000000714700000, 0x0000000714700000|100%| E|CS|TAMS 0x0000000714600000, 0x0000000714600000| Complete 
| 251|0x0000000714700000, 0x0000000714800000, 0x0000000714800000|100%| E|CS|TAMS 0x0000000714700000, 0x0000000714700000| Complete 

Card table byte_map: [0x000002fa30330000,0x000002fa30b10000] _byte_map_base: 0x000002fa2cb0a000

Marking Bits (Prev, Next): (CMBitMap*) 0x000002fa18426608, (CMBitMap*) 0x000002fa18426640
 Prev Bits: [0x000002fa312f0000, 0x000002fa351c0000)
 Next Bits: [0x000002fa351c0000, 0x000002fa39090000)

Polling page: 0x000002fa16260000

Metaspace:

Usage:
  Non-class:      5.04 MB capacity,     5.03 MB (>99%) used,     9.85 KB ( <1%) free+waste,     2.88 KB ( <1%) overhead. 
      Class:    470.00 KB capacity,   458.41 KB ( 98%) used,    10.28 KB (  2%) free+waste,     1.31 KB ( <1%) overhead. 
       Both:      5.50 MB capacity,     5.48 MB (>99%) used,    20.13 KB ( <1%) free+waste,     4.19 KB ( <1%) overhead. 

Virtual space:
  Non-class space:        8.00 MB reserved,       5.25 MB ( 66%) committed 
      Class space:        1.00 GB reserved,     512.00 KB ( <1%) committed 
             Both:        1.01 GB reserved,       5.75 MB ( <1%) committed 

Chunk freelists:
   Non-Class:  23.00 KB
       Class:  10.00 KB
        Both:  33.00 KB

MaxMetaspaceSize: 17179869184.00 GB
CompressedClassSpaceSize: 1.00 GB
Initial GC threshold: 20.80 MB
Current GC threshold: 20.80 MB
CDS: off

CodeHeap 'non-profiled nmethods': size=120064Kb used=82Kb max_used=82Kb free=119981Kb
 bounds [0x000002fa28610000, 0x000002fa28880000, 0x000002fa2fb50000]
CodeHeap 'profiled nmethods': size=120000Kb used=376Kb max_used=376Kb free=119623Kb
 bounds [0x000002fa210e0000, 0x000002fa21350000, 0x000002fa28610000]
CodeHeap 'non-nmethods': size=5696Kb used=1156Kb max_used=1156Kb free=4539Kb
 bounds [0x000002fa20b50000, 0x000002fa20dc0000, 0x000002fa210e0000]
 total_blobs=579 nmethods=266 adapters=234
 compilation: enabled
              stopped_count=0, restarted_count=0
 full_count=0

Compilation events (20 events):
Event: 0.635 Thread 0x000002fa3beb7000  254       1       java.lang.invoke.MethodType::form (5 bytes)
Event: 0.635 Thread 0x000002fa3beb7000 nmethod 254 0x000002fa28623890 code [0x000002fa28623a40, 0x000002fa28623af8]
Event: 0.636 Thread 0x000002fa3beb7000  256       3       java.lang.invoke.MethodType::hashCode (53 bytes)
Event: 0.637 Thread 0x000002fa3beb7000 nmethod 256 0x000002fa2113b690 code [0x000002fa2113b860, 0x000002fa2113bbf8]
Event: 0.651 Thread 0x000002fa3beb7000  259       1       sun.instrument.TransformerManager$TransformerInfo::transformer (5 bytes)
Event: 0.651 Thread 0x000002fa3beb7000 nmethod 259 0x000002fa28624590 code [0x000002fa28624740, 0x000002fa286247f8]
Event: 0.652 Thread 0x000002fa3beb7000  260       3       java.lang.ThreadLocal::getMap (5 bytes)
Event: 0.652 Thread 0x000002fa3beb7000 nmethod 260 0x000002fa2113bd90 code [0x000002fa2113bf40, 0x000002fa2113c058]
Event: 0.652 Thread 0x000002fa3beb7000  261       3       java.lang.ThreadLocal::get (38 bytes)
Event: 0.653 Thread 0x000002fa3beb7000 nmethod 261 0x000002fa2113c110 code [0x000002fa2113c2e0, 0x000002fa2113c638]
Event: 0.653 Thread 0x000002fa3beb7000  262       3       java.lang.ThreadLocal$ThreadLocalMap::getEntry (42 bytes)
Event: 0.653 Thread 0x000002fa3beb7000 nmethod 262 0x000002fa2113c810 code [0x000002fa2113c9e0, 0x000002fa2113ccc8]
Event: 0.659 Thread 0x000002fa3beb7000  263       3       java.util.Collections$UnmodifiableCollection$1::next (10 bytes)
Event: 0.660 Thread 0x000002fa3beb7000 nmethod 263 0x000002fa2113ce10 code [0x000002fa2113cfc0, 0x000002fa2113d188]
Event: 0.661 Thread 0x000002fa3beb7000  264       3       java.lang.StringBuilder::<init> (7 bytes)
Event: 0.661 Thread 0x000002fa3beb7000 nmethod 264 0x000002fa2113d290 code [0x000002fa2113d440, 0x000002fa2113d588]
Event: 0.661 Thread 0x000002fa3beb7000  265       3       java.lang.AbstractStringBuilder::<init> (39 bytes)
Event: 0.661 Thread 0x000002fa3beb7000 nmethod 265 0x000002fa2113d610 code [0x000002fa2113d7c0, 0x000002fa2113da58]
Event: 0.661 Thread 0x000002fa3beb7000  266       3       java.lang.StringBuilder::toString (35 bytes)
Event: 0.662 Thread 0x000002fa3beb7000 nmethod 266 0x000002fa2113db10 code [0x000002fa2113dd00, 0x000002fa2113e1d8]

GC Heap History (0 events):
No events

Deoptimization events (6 events):
Event: 0.272 Thread 0x000002fa183c8000 DEOPT PACKING pc=0x000002fa210e8f95 sp=0x000000fc9c2fdf70
Event: 0.272 Thread 0x000002fa183c8000 DEOPT UNPACKING pc=0x000002fa20b9a95e sp=0x000000fc9c2fd3f8 mode 0
Event: 0.595 Thread 0x000002fa183c8000 Uncommon trap: trap_request=0xffffff4d fr.pc=0x000002fa28612b9c relative=0x000000000000017c
Event: 0.595 Thread 0x000002fa183c8000 Uncommon trap: reason=unstable_if action=reinterpret pc=0x000002fa28612b9c method=java.lang.StringLatin1.indexOf([BII)I @ 47 c2
Event: 0.595 Thread 0x000002fa183c8000 DEOPT PACKING pc=0x000002fa28612b9c sp=0x000000fc9c2fc190
Event: 0.595 Thread 0x000002fa183c8000 DEOPT UNPACKING pc=0x000002fa20b9a1af sp=0x000000fc9c2fc108 mode 2

Classes redefined (1 events):
Event: 0.619 Thread 0x000002fa3b5a1000 redefined class name=java.lang.Throwable, count=1

Internal exceptions (20 events):
Event: 0.653 Thread 0x000002fa183c8000 Exception <a 'java/lang/NoClassDefFoundError'{0x0000000714592378}: com/intellij/rt/debugger/agent/CaptureStorage$4> (0x0000000714592378) thrown at [s\src\hotspot\share\classfile\systemDictionary.cpp, line 228]
Event: 0.653 Thread 0x000002fa183c8000 Exception <a 'java/lang/NoClassDefFoundError'{0x0000000714591b00}: com/intellij/rt/debugger/agent/CaptureStorage$4> (0x0000000714591b00) thrown at [s\src\hotspot\share\classfile\systemDictionary.cpp, line 228]
Event: 0.653 Thread 0x000002fa183c8000 Exception <a 'java/lang/NoClassDefFoundError'{0x0000000714591288}: com/intellij/rt/debugger/agent/CaptureStorage$4> (0x0000000714591288) thrown at [s\src\hotspot\share\classfile\systemDictionary.cpp, line 228]
Event: 0.653 Thread 0x000002fa183c8000 Exception <a 'java/lang/NoClassDefFoundError'{0x0000000714590a10}: com/intellij/rt/debugger/agent/CaptureStorage$4> (0x0000000714590a10) thrown at [s\src\hotspot\share\classfile\systemDictionary.cpp, line 228]
Event: 0.653 Thread 0x000002fa183c8000 Exception <a 'java/lang/NoClassDefFoundError'{0x0000000714590198}: com/intellij/rt/debugger/agent/CaptureStorage$4> (0x0000000714590198) thrown at [s\src\hotspot\share\classfile\systemDictionary.cpp, line 228]
Event: 0.653 Thread 0x000002fa183c8000 Exception <a 'java/lang/NoClassDefFoundError'{0x000000071458f920}: com/intellij/rt/debugger/agent/CaptureStorage$4> (0x000000071458f920) thrown at [s\src\hotspot\share\classfile\systemDictionary.cpp, line 228]
Event: 0.653 Thread 0x000002fa183c8000 Exception <a 'java/lang/NoClassDefFoundError'{0x000000071458f0a8}: com/intellij/rt/debugger/agent/CaptureStorage$4> (0x000000071458f0a8) thrown at [s\src\hotspot\share\classfile\systemDictionary.cpp, line 228]
Event: 0.653 Thread 0x000002fa183c8000 Exception <a 'java/lang/NoClassDefFoundError'{0x000000071458ead8}: com/intellij/rt/debugger/agent/CaptureStorage$4> (0x000000071458ead8) thrown at [s\src\hotspot\share\classfile\systemDictionary.cpp, line 228]
Event: 0.653 Thread 0x000002fa183c8000 Exception <a 'java/lang/NoClassDefFoundError'{0x000000071458e508}: com/intellij/rt/debugger/agent/CaptureStorage$4> (0x000000071458e508) thrown at [s\src\hotspot\share\classfile\systemDictionary.cpp, line 228]
Event: 0.653 Thread 0x000002fa183c8000 Exception <a 'java/lang/NoClassDefFoundError'{0x000000071458df38}: com/intellij/rt/debugger/agent/CaptureStorage$4> (0x000000071458df38) thrown at [s\src\hotspot\share\classfile\systemDictionary.cpp, line 228]
Event: 0.653 Thread 0x000002fa183c8000 Exception <a 'java/lang/NoClassDefFoundError'{0x000000071458d968}: com/intellij/rt/debugger/agent/CaptureStorage$4> (0x000000071458d968) thrown at [s\src\hotspot\share\classfile\systemDictionary.cpp, line 228]
Event: 0.653 Thread 0x000002fa183c8000 Exception <a 'java/lang/NoClassDefFoundError'{0x000000071458d398}: com/intellij/rt/debugger/agent/CaptureStorage$4> (0x000000071458d398) thrown at [s\src\hotspot\share\classfile\systemDictionary.cpp, line 228]
Event: 0.653 Thread 0x000002fa183c8000 Exception <a 'java/lang/NoClassDefFoundError'{0x000000071458cdc8}: com/intellij/rt/debugger/agent/CaptureStorage$4> (0x000000071458cdc8) thrown at [s\src\hotspot\share\classfile\systemDictionary.cpp, line 228]
Event: 0.653 Thread 0x000002fa183c8000 Exception <a 'java/lang/NoClassDefFoundError'{0x000000071458caa0}: com/intellij/rt/debugger/agent/CaptureStorage$4> (0x000000071458caa0) thrown at [s\src\hotspot\share\classfile\systemDictionary.cpp, line 228]
Event: 0.653 Thread 0x000002fa183c8000 Exception <a 'java/lang/NoClassDefFoundError'{0x000000071458c778}: com/intellij/rt/debugger/agent/CaptureStorage$4> (0x000000071458c778) thrown at [s\src\hotspot\share\classfile\systemDictionary.cpp, line 228]
Event: 0.653 Thread 0x000002fa183c8000 Exception <a 'java/lang/NoClassDefFoundError'{0x000000071458c450}: com/intellij/rt/debugger/agent/CaptureStorage$4> (0x000000071458c450) thrown at [s\src\hotspot\share\classfile\systemDictionary.cpp, line 228]
Event: 0.653 Thread 0x000002fa183c8000 Exception <a 'java/lang/NoClassDefFoundError'{0x000000071458c128}: com/intellij/rt/debugger/agent/CaptureStorage$4> (0x000000071458c128) thrown at [s\src\hotspot\share\classfile\systemDictionary.cpp, line 228]
Event: 0.653 Thread 0x000002fa183c8000 Exception <a 'java/lang/NoClassDefFoundError'{0x000000071458bde0}: com/intellij/rt/debugger/agent/CollectionBreakpointInstrumentor$KnownMethod> (0x000000071458bde0) thrown at [s\src\hotspot\share\classfile\systemDictionary.cpp, line 228]
Event: 0.653 Thread 0x000002fa183c8000 Exception <a 'java/lang/NoClassDefFoundError'{0x000000071458bde0}> (0x000000071458bde0) thrown at [s\src\hotspot\share\oops\instanceKlass.cpp, line 1029]
Event: 0.654 Thread 0x000002fa183c8000 Exception <a 'java/lang/reflect/InvocationTargetException'{0x000000071459f970}> (0x000000071459f970) thrown at [s\src\hotspot\share\runtime\reflection.cpp, line 1245]

Events (20 events):
Event: 0.654 loading class java/lang/Throwable$PrintStreamOrWriter done
Event: 0.654 loading class java/lang/Throwable$WrappedPrintStream done
Event: 0.655 loading class java/util/IdentityHashMap$KeySet
Event: 0.655 loading class java/util/IdentityHashMap$KeySet done
Event: 0.655 loading class java/nio/CharBuffer
Event: 0.656 loading class java/lang/Readable
Event: 0.656 loading class java/lang/Readable done
Event: 0.656 loading class java/nio/CharBuffer done
Event: 0.656 loading class java/nio/HeapCharBuffer
Event: 0.657 loading class java/nio/HeapCharBuffer done
Event: 0.657 loading class java/nio/charset/CoderResult
Event: 0.657 loading class java/nio/charset/CoderResult done
Event: 0.658 loading class com/intellij/rt/debugger/agent/CaptureStorage$8
Event: 0.658 loading class com/intellij/rt/debugger/agent/CaptureStorage$8 done
Event: 0.658 loading class com/intellij/rt/debugger/agent/CaptureStorage$ConcurrentIdentityWeakHashMap$HardKey
Event: 0.658 loading class com/intellij/rt/debugger/agent/CaptureStorage$ConcurrentIdentityWeakHashMap$Key
Event: 0.658 loading class com/intellij/rt/debugger/agent/CaptureStorage$ConcurrentIdentityWeakHashMap$Key done
Event: 0.659 loading class com/intellij/rt/debugger/agent/CaptureStorage$ConcurrentIdentityWeakHashMap$HardKey done
Event: 0.659 loading class java/lang/StackTraceElement$HashedModules
Event: 0.659 loading class java/lang/StackTraceElement$HashedModules done


Dynamic libraries:
0x00007ff7a31d0000 - 0x00007ff7a31de000 	C:\Users\sandhiya\.jdks\corretto-11.0.26\bin\java.exe
0x00007ff9dabd0000 - 0x00007ff9dadc8000 	C:\Windows\SYSTEM32\ntdll.dll
0x00007ff9d90f0000 - 0x00007ff9d91b2000 	C:\Windows\System32\KERNEL32.DLL
0x00007ff9d8670000 - 0x00007ff9d8966000 	C:\Windows\System32\KERNELBASE.dll
0x00007ff9d8290000 - 0x00007ff9d8390000 	C:\Windows\System32\ucrtbase.dll
0x00007ff9c0740000 - 0x00007ff9c0757000 	C:\Users\sandhiya\.jdks\corretto-11.0.26\bin\jli.dll
0x00007ff9d9ec0000 - 0x00007ff9da05d000 	C:\Windows\System32\USER32.dll
0x00007ff9d8260000 - 0x00007ff9d8282000 	C:\Windows\System32\win32u.dll
0x00007ff9bc7d0000 - 0x00007ff9bc7eb000 	C:\Users\sandhiya\.jdks\corretto-11.0.26\bin\VCRUNTIME140.dll
0x00007ff9d9280000 - 0x00007ff9d92ab000 	C:\Windows\System32\GDI32.dll
0x00007ff9d8550000 - 0x00007ff9d8669000 	C:\Windows\System32\gdi32full.dll
0x00007ff9d8b50000 - 0x00007ff9d8bed000 	C:\Windows\System32\msvcp_win.dll
0x00007ff9caa70000 - 0x00007ff9cad0a000 	C:\Windows\WinSxS\amd64_microsoft.windows.common-controls_6595b64144ccf1df_6.0.19041.5915_none_60b4b9d171f9c7c7\COMCTL32.dll
0x00007ff9d9c90000 - 0x00007ff9d9d2e000 	C:\Windows\System32\msvcrt.dll
0x00007ff9d90c0000 - 0x00007ff9d90ef000 	C:\Windows\System32\IMM32.DLL
0x00007ff9bfa00000 - 0x00007ff9bfa0c000 	C:\Users\sandhiya\.jdks\corretto-11.0.26\bin\vcruntime140_1.dll
0x00007ff98bc20000 - 0x00007ff98bcad000 	C:\Users\sandhiya\.jdks\corretto-11.0.26\bin\msvcp140.dll
0x00007ff978f50000 - 0x00007ff979b15000 	C:\Users\sandhiya\.jdks\corretto-11.0.26\bin\server\jvm.dll
0x00007ff9d91c0000 - 0x00007ff9d9271000 	C:\Windows\System32\ADVAPI32.dll
0x00007ff9d96c0000 - 0x00007ff9d975f000 	C:\Windows\System32\sechost.dll
0x00007ff9d9b60000 - 0x00007ff9d9c83000 	C:\Windows\System32\RPCRT4.dll
0x00007ff9d8390000 - 0x00007ff9d83b7000 	C:\Windows\System32\bcrypt.dll
0x00007ff9d9760000 - 0x00007ff9d97cb000 	C:\Windows\System32\WS2_32.dll
0x00007ff9d9d30000 - 0x00007ff9d9d38000 	C:\Windows\System32\PSAPI.DLL
0x00007ff9cde70000 - 0x00007ff9cde97000 	C:\Windows\SYSTEM32\WINMM.dll
0x00007ff9cde30000 - 0x00007ff9cde3a000 	C:\Windows\SYSTEM32\VERSION.dll
0x00007ff9d6000000 - 0x00007ff9d6012000 	C:\Windows\SYSTEM32\kernel.appcore.dll
0x00007ff9be980000 - 0x00007ff9be990000 	C:\Users\sandhiya\.jdks\corretto-11.0.26\bin\verify.dll
0x00007ff9d0f00000 - 0x00007ff9d1101000 	C:\Windows\SYSTEM32\DBGHELP.DLL
0x00007ff9d0ce0000 - 0x00007ff9d0d14000 	C:\Windows\SYSTEM32\dbgcore.DLL
0x00007ff9d83c0000 - 0x00007ff9d8442000 	C:\Windows\System32\bcryptPrimitives.dll
0x00007ff9b91c0000 - 0x00007ff9b91e8000 	C:\Users\sandhiya\.jdks\corretto-11.0.26\bin\java.dll
0x00007ff9be930000 - 0x00007ff9be93a000 	C:\Users\sandhiya\.jdks\corretto-11.0.26\bin\jimage.dll
0x00007ff9bfd00000 - 0x00007ff9bfd39000 	C:\Users\sandhiya\.jdks\corretto-11.0.26\bin\jdwp.dll
0x00007ff9bfcf0000 - 0x00007ff9bfcfe000 	C:\Users\sandhiya\.jdks\corretto-11.0.26\bin\instrument.dll
0x00007ff9b91a0000 - 0x00007ff9b91b8000 	C:\Users\sandhiya\.jdks\corretto-11.0.26\bin\zip.dll
0x00007ff9da220000 - 0x00007ff9da98e000 	C:\Windows\System32\SHELL32.dll
0x00007ff9d62e0000 - 0x00007ff9d6a84000 	C:\Windows\SYSTEM32\windows.storage.dll
0x00007ff9d9360000 - 0x00007ff9d96b3000 	C:\Windows\System32\combase.dll
0x00007ff9d7c90000 - 0x00007ff9d7cbb000 	C:\Windows\SYSTEM32\Wldp.dll
0x00007ff9d98e0000 - 0x00007ff9d99ad000 	C:\Windows\System32\OLEAUT32.dll
0x00007ff9d97d0000 - 0x00007ff9d987d000 	C:\Windows\System32\SHCORE.dll
0x00007ff9d9880000 - 0x00007ff9d98db000 	C:\Windows\System32\shlwapi.dll
0x00007ff9d8190000 - 0x00007ff9d81b4000 	C:\Windows\SYSTEM32\profapi.dll
0x00007ff9bd780000 - 0x00007ff9bd78a000 	C:\Users\sandhiya\.jdks\corretto-11.0.26\bin\dt_socket.dll
0x00007ff9d79f0000 - 0x00007ff9d7a5a000 	C:\Windows\system32\mswsock.dll

dbghelp: loaded successfully - version: 4.0.5 - missing functions: none
symbol engine: initialized successfully - sym options: 0x614 - pdb path: .;C:\Users\sandhiya\.jdks\corretto-11.0.26\bin;C:\Windows\SYSTEM32;C:\Windows\WinSxS\amd64_microsoft.windows.common-controls_6595b64144ccf1df_6.0.19041.5915_none_60b4b9d171f9c7c7;C:\Users\sandhiya\.jdks\corretto-11.0.26\bin\server

VM Arguments:
jvm_args: -Ddebugger.agent.enable.coroutines=true -Dkotlinx.coroutines.debug.enable.creation.stack.trace=false -Dkotlinx.coroutines.debug.enable.flows.stack.trace=true -Dkotlinx.coroutines.debug.enable.mutable.state.flows.stack.trace=true -agentlib:jdwp=transport=dt_socket,server=n,suspend=y,address=127.0.0.1:57738 -javaagent:C:\Users\sandhiya\AppData\Local\JetBrains\IdeaIC2024.3\captureAgent\debugger-agent.jar -Dfile.encoding=UTF-8 -Duser.country=US -Duser.language=en -Duser.variant 
java_command: com.tekclover.wms.api.masters.MasterSetupServerApplication
java_class_path (initial): E:\Work Space\Dev\MasterSetupService\build\classes\java\main;E:\Work Space\Dev\MasterSetupService\build\resources\main;C:\Users\sandhiya\.gradle\caches\modules-2\files-2.1\javax.validation\validation-api\2.0.1.Final\cb855558e6271b1b32e716d24cb85c7f583ce09e\validation-api-2.0.1.Final.jar;C:\Users\sandhiya\.gradle\caches\modules-2\files-2.1\org.springframework.boot\spring-boot-starter-security\2.4.1\deb50c476f4226ab7a3a0411433dfc342dac8aee\spring-boot-starter-security-2.4.1.jar;C:\Users\sandhiya\.gradle\caches\modules-2\files-2.1\org.springframework.boot\spring-boot-starter-data-jpa\2.4.0\fd0c82c6582c09f9525e40d79e06c314d81daa9d\spring-boot-starter-data-jpa-2.4.0.jar;C:\Users\sandhiya\.gradle\caches\modules-2\files-2.1\org.springframework.boot\spring-boot-starter-jdbc\2.4.1\8bce44479b03c6418f91370063ca770ca3ec6184\spring-boot-starter-jdbc-2.4.1.jar;C:\Users\sandhiya\.gradle\caches\modules-2\files-2.1\org.springframework.security.oauth\spring-security-oauth2\2.5.0.RELEASE\853f4c0e69d4690be4fff0c3dee8f696dd017373\spring-security-oauth2-2.5.0.RELEASE.jar;C:\Users\sandhiya\.gradle\caches\modules-2\files-2.1\org.springframework.security\spring-security-jwt\1.0.2.RELEASE\7cf0fae8fc395eb0f7ff64666c76d0c64544cb01\spring-security-jwt-1.0.2.RELEASE.jar;C:\Users\sandhiya\.gradle\caches\modules-2\files-2.1\org.springframework.boot\spring-boot-starter-validation\2.4.1\18ed1d2880f5bbbbed2a155625c90b53e78ed5f8\spring-boot-starter-validation-2.4.1.jar;C:\Users\sandhiya\.gradle\caches\modules-2\files-2.1\io.springfox\springfox-swagger2\2.9.2\362676bc7f4c6f9f1d568741becab0dfc198c898\springfox-swagger2-2.9.2.jar;C:\Users\sandhiya\.gradle\caches\modules-2\files-2.1\io.springfox\springfox-bean-validators\2.9.2\b3faf1ce16918ffc9c3b9932855dd667ab390b95\springfox-bean-validators-2.9.2.jar;C:\Users\sandhiya\.gradle\caches\modules-2\files-2.1\io.springfox\springfox-swagger-ui\2.9.2\d542382a88ff3ea8d4032c28b2b0325797fada7d\springfox-swagger-ui-2.9.2.jar;C:\Users\san
Launcher Type: SUN_STANDARD

[Global flags]
     intx CICompilerCount                          = 3                                         {product} {ergonomic}
     uint ConcGCThreads                            = 1                                         {product} {ergonomic}
     uint G1ConcRefinementThreads                  = 4                                         {product} {ergonomic}
   size_t G1HeapRegionSize                         = 1048576                                   {product} {ergonomic}
    uintx GCDrainStackTargetSize                   = 64                                        {product} {ergonomic}
   size_t InitialHeapSize                          = 264241152                                 {product} {ergonomic}
   size_t MarkStackSize                            = 4194304                                   {product} {ergonomic}
   size_t MaxHeapSize                              = 4215275520                                {product} {ergonomic}
   size_t MaxNewSize                               = 2529165312                                {product} {ergonomic}
   size_t MinHeapDeltaBytes                        = 1048576                                   {product} {ergonomic}
    uintx NonNMethodCodeHeapSize                   = 5830732                                {pd product} {ergonomic}
    uintx NonProfiledCodeHeapSize                  = 122913754                              {pd product} {ergonomic}
    uintx ProfiledCodeHeapSize                     = 122913754                              {pd product} {ergonomic}
    uintx ReservedCodeCacheSize                    = 251658240                              {pd product} {ergonomic}
     bool SegmentedCodeCache                       = true                                      {product} {ergonomic}
     bool UseCompressedClassPointers               = true                                 {lp64_product} {ergonomic}
     bool UseCompressedOops                        = true                                 {lp64_product} {ergonomic}
     bool UseG1GC                                  = true                                      {product} {ergonomic}
     bool UseLargePagesIndividualAllocation        = false                                  {pd product} {ergonomic}

Logging:
Log output configuration:
 #0: stdout all=warning uptime,level,tags
 #1: stderr all=off uptime,level,tags

Environment Variables:
PATH=C:\Program Files\Microsoft MPI\Bin\;C:\Windows\system32;C:\Windows;C:\Windows\System32\Wbem;C:\Windows\System32\WindowsPowerShell\v1.0\;C:\Windows\System32\OpenSSH\;C:\Program Files\Git\cmd;C:\Users\sandhiya\AppData\Roaming\nvm;C:\Program Files\nodejs;C:\Program Files (x86)\Microsoft SQL Server\160\Tools\Binn\;C:\Program Files\Microsoft SQL Server\160\Tools\Binn\;C:\Program Files\Microsoft SQL Server\Client SDK\ODBC\170\Tools\Binn\;C:\Program Files\Microsoft SQL Server\160\DTS\Binn\;C:\Program Files (x86)\Microsoft SQL Server\160\DTS\Binn\;C:\Users\sandhiya\AppData\Local\Microsoft\WindowsApps;C:\Users\sandhiya\AppData\Local\Programs\Microsoft VS Code\bin;C:\Program Files\JetBrains\IntelliJ IDEA Community Edition 2024.3\bin;;C:\Users\sandhiya\AppData\Roaming\npm;C:\Users\sandhiya\AppData\Roaming\nvm;C:\Program Files\nodejs;C:\Program Files\nodejs;
USERNAME=sandhiya
OS=Windows_NT
PROCESSOR_IDENTIFIER=Intel64 Family 6 Model 61 Stepping 4, GenuineIntel
TMP=C:\Users\sandhiya\AppData\Local\Temp
TEMP=C:\Users\sandhiya\AppData\Local\Temp



---------------  S Y S T E M  ---------------

OS: Windows 10 , 64 bit Build 19041 (10.0.19041.5915)
OS uptime: 33 days 3:30 hours

CPU:total 4 (initial active 4) (2 cores per cpu, 2 threads per core) family 6 model 61 stepping 4 microcode 0x2d, cmov, cx8, fxsr, mmx, sse, sse2, sse3, ssse3, sse4.1, sse4.2, popcnt, avx, avx2, aes, clmul, erms, rtm, 3dnowpref, lzcnt, ht, tsc, tscinvbit, bmi1, bmi2, adx, fma

Memory: 4k page, system-wide physical 16079M (5337M free)
TotalPageFile size 21271M (AvailPageFile size 9400M)
current process WorkingSet (physical memory assigned to process): 43M, peak: 43M
current process commit charge ("private bytes"): 328M, peak: 328M

vm_info: OpenJDK 64-Bit Server VM (11.0.26+4-LTS) for windows-amd64 JRE (11.0.26+4-LTS), built on Jan 13 2025 17:23:34 by "Administrator" with MS VC++ 16.10 / 16.11 (VS2019)

END.
